{"/home/iivanovw7/WEB/work-book/client/src/pageRoute.jsx": {"path":"/home/iivanovw7/WEB/work-book/client/src/pageRoute.jsx","statementMap":{"0":{"start":{"line":12,"column":18},"end":{"line":46,"column":1}},"1":{"start":{"line":13,"column":29},"end":{"line":13,"column":33}},"2":{"start":{"line":14,"column":38},"end":{"line":14,"column":53}},"3":{"start":{"line":17,"column":2},"end":{"line":27,"column":9}},"4":{"start":{"line":18,"column":4},"end":{"line":26,"column":5}},"5":{"start":{"line":19,"column":30},"end":{"line":19,"column":80}},"6":{"start":{"line":19,"column":42},"end":{"line":19,"column":80}},"7":{"start":{"line":20,"column":6},"end":{"line":25,"column":9}},"8":{"start":{"line":21,"column":8},"end":{"line":24,"column":11}},"9":{"start":{"line":29,"column":2},"end":{"line":45,"column":4}},"10":{"start":{"line":33,"column":8},"end":{"line":41,"column":9}},"11":{"start":{"line":34,"column":10},"end":{"line":40,"column":12}},"12":{"start":{"line":42,"column":8},"end":{"line":42,"column":35}},"13":{"start":{"line":50,"column":0},"end":{"line":52,"column":2}}},"fnMap":{"0":{"name":"(anonymous_0)","decl":{"start":{"line":12,"column":18},"end":{"line":12,"column":19}},"loc":{"start":{"line":12,"column":57},"end":{"line":46,"column":1}},"line":12},"1":{"name":"(anonymous_1)","decl":{"start":{"line":17,"column":12},"end":{"line":17,"column":13}},"loc":{"start":{"line":17,"column":18},"end":{"line":27,"column":3}},"line":17},"2":{"name":"(anonymous_2)","decl":{"start":{"line":19,"column":30},"end":{"line":19,"column":31}},"loc":{"start":{"line":19,"column":42},"end":{"line":19,"column":80}},"line":19},"3":{"name":"(anonymous_3)","decl":{"start":{"line":20,"column":30},"end":{"line":20,"column":31}},"loc":{"start":{"line":20,"column":41},"end":{"line":25,"column":7}},"line":20},"4":{"name":"(anonymous_4)","decl":{"start":{"line":32,"column":14},"end":{"line":32,"column":15}},"loc":{"start":{"line":32,"column":25},"end":{"line":43,"column":7}},"line":32}},"branchMap":{"0":{"loc":{"start":{"line":18,"column":4},"end":{"line":26,"column":5}},"type":"if","locations":[{"start":{"line":18,"column":4},"end":{"line":26,"column":5}},{"start":{"line":18,"column":4},"end":{"line":26,"column":5}}],"line":18},"1":{"loc":{"start":{"line":33,"column":8},"end":{"line":41,"column":9}},"type":"if","locations":[{"start":{"line":33,"column":8},"end":{"line":41,"column":9}},{"start":{"line":33,"column":8},"end":{"line":41,"column":9}}],"line":33},"2":{"loc":{"start":{"line":33,"column":12},"end":{"line":33,"column":61}},"type":"binary-expr","locations":[{"start":{"line":33,"column":13},"end":{"line":33,"column":27}},{"start":{"line":33,"column":31},"end":{"line":33,"column":41}},{"start":{"line":33,"column":46},"end":{"line":33,"column":61}}],"line":33}},"s":{"0":1,"1":1,"2":1,"3":1,"4":1,"5":0,"6":0,"7":0,"8":0,"9":1,"10":1,"11":1,"12":0,"13":1},"f":{"0":1,"1":1,"2":0,"3":0,"4":1},"b":{"0":[0,1],"1":[1,0],"2":[1,0,1]},"_coverageSchema":"43e27e138ebf9cfc5966b082cf9a028302ed4184","hash":"0f17f2de9708a8c270e2d256f83e9d5df334094e"}
,"/home/iivanovw7/WEB/work-book/client/src/routes.jsx": {"path":"/home/iivanovw7/WEB/work-book/client/src/routes.jsx","statementMap":{"0":{"start":{"line":12,"column":16},"end":{"line":14,"column":1}},"1":{"start":{"line":13,"column":2},"end":{"line":13,"column":38}},"2":{"start":{"line":30,"column":0},"end":{"line":32,"column":2}}},"fnMap":{"0":{"name":"(anonymous_0)","decl":{"start":{"line":12,"column":16},"end":{"line":12,"column":17}},"loc":{"start":{"line":13,"column":2},"end":{"line":13,"column":38}},"line":13}},"branchMap":{},"s":{"0":1,"1":1,"2":1},"f":{"0":1},"b":{},"_coverageSchema":"43e27e138ebf9cfc5966b082cf9a028302ed4184","hash":"0b1ad73853258e2b42c5ce0b6fb8a807b9c3c0a8"}
,"/home/iivanovw7/WEB/work-book/client/src/testUtils.js": {"path":"/home/iivanovw7/WEB/work-book/client/src/testUtils.js","statementMap":{"0":{"start":{"line":9,"column":23},"end":{"line":9,"column":56}},"1":{"start":{"line":12,"column":27},"end":{"line":17,"column":1}},"2":{"start":{"line":19,"column":29},"end":{"line":27,"column":1}},"3":{"start":{"line":31,"column":24},"end":{"line":31,"column":43}},"4":{"start":{"line":32,"column":23},"end":{"line":32,"column":41}},"5":{"start":{"line":34,"column":2},"end":{"line":34,"column":34}},"6":{"start":{"line":36,"column":2},"end":{"line":36,"column":33}},"7":{"start":{"line":38,"column":27},"end":{"line":38,"column":88}},"8":{"start":{"line":40,"column":2},"end":{"line":40,"column":38}},"9":{"start":{"line":42,"column":2},"end":{"line":42,"column":36}},"10":{"start":{"line":44,"column":2},"end":{"line":44,"column":26}},"11":{"start":{"line":47,"column":21},"end":{"line":51,"column":1}}},"fnMap":{"0":{"name":"suppressConsoleWarnings","decl":{"start":{"line":30,"column":16},"end":{"line":30,"column":39}},"loc":{"start":{"line":30,"column":77},"end":{"line":45,"column":1}},"line":30}},"branchMap":{"0":{"loc":{"start":{"line":38,"column":27},"end":{"line":38,"column":88}},"type":"cond-expr","locations":[{"start":{"line":38,"column":51},"end":{"line":38,"column":67}},{"start":{"line":38,"column":70},"end":{"line":38,"column":88}}],"line":38}},"s":{"0":26,"1":26,"2":26,"3":56,"4":56,"5":56,"6":56,"7":56,"8":56,"9":56,"10":56,"11":26},"f":{"0":56},"b":{"0":[55,1]},"_coverageSchema":"43e27e138ebf9cfc5966b082cf9a028302ed4184","hash":"47acd5c9b9ae6468b8d9e13250343368ec21a13e"}
,"/home/iivanovw7/WEB/work-book/client/src/components/errorMessage.jsx": {"path":"/home/iivanovw7/WEB/work-book/client/src/components/errorMessage.jsx","statementMap":{"0":{"start":{"line":5,"column":21},"end":{"line":22,"column":1}},"1":{"start":{"line":8,"column":6},"end":{"line":8,"column":11}},"2":{"start":{"line":10,"column":2},"end":{"line":21,"column":4}},"3":{"start":{"line":24,"column":0},"end":{"line":29,"column":2}}},"fnMap":{"0":{"name":"(anonymous_0)","decl":{"start":{"line":5,"column":21},"end":{"line":5,"column":22}},"loc":{"start":{"line":5,"column":32},"end":{"line":22,"column":1}},"line":5}},"branchMap":{},"s":{"0":10,"1":26,"2":26,"3":10},"f":{"0":26},"b":{},"_coverageSchema":"43e27e138ebf9cfc5966b082cf9a028302ed4184","hash":"bbbb3de9f5a52647d157c214517741265d67a310"}
,"/home/iivanovw7/WEB/work-book/client/src/components/noMatchRoute.jsx": {"path":"/home/iivanovw7/WEB/work-book/client/src/components/noMatchRoute.jsx","statementMap":{"0":{"start":{"line":7,"column":22},"end":{"line":18,"column":1}},"1":{"start":{"line":20,"column":21},"end":{"line":38,"column":1}},"2":{"start":{"line":21,"column":36},"end":{"line":21,"column":73}},"3":{"start":{"line":22,"column":23},"end":{"line":22,"column":28}},"4":{"start":{"line":24,"column":2},"end":{"line":37,"column":4}},"5":{"start":{"line":42,"column":0},"end":{"line":44,"column":2}}},"fnMap":{"0":{"name":"(anonymous_0)","decl":{"start":{"line":20,"column":21},"end":{"line":20,"column":22}},"loc":{"start":{"line":20,"column":32},"end":{"line":38,"column":1}},"line":20}},"branchMap":{},"s":{"0":2,"1":2,"2":4,"3":4,"4":4,"5":2},"f":{"0":4},"b":{},"_coverageSchema":"43e27e138ebf9cfc5966b082cf9a028302ed4184","hash":"f7a06e2e780e6b3c539427d7a7cb3d8ae988d53f"}
,"/home/iivanovw7/WEB/work-book/client/src/components/Login/LoginForm.jsx": {"path":"/home/iivanovw7/WEB/work-book/client/src/components/Login/LoginForm.jsx","statementMap":{"0":{"start":{"line":11,"column":12},"end":{"line":14,"column":1}},"1":{"start":{"line":15,"column":12},"end":{"line":19,"column":1}},"2":{"start":{"line":21,"column":19},"end":{"line":65,"column":1}},"3":{"start":{"line":67,"column":18},"end":{"line":182,"column":1}},"4":{"start":{"line":70,"column":6},"end":{"line":70,"column":11}},"5":{"start":{"line":71,"column":34},"end":{"line":71,"column":75}},"6":{"start":{"line":72,"column":48},"end":{"line":72,"column":60}},"7":{"start":{"line":73,"column":54},"end":{"line":73,"column":66}},"8":{"start":{"line":74,"column":63},"end":{"line":74,"column":81}},"9":{"start":{"line":75,"column":72},"end":{"line":75,"column":90}},"10":{"start":{"line":76,"column":38},"end":{"line":76,"column":53}},"11":{"start":{"line":79,"column":2},"end":{"line":85,"column":9}},"12":{"start":{"line":80,"column":4},"end":{"line":84,"column":5}},"13":{"start":{"line":81,"column":30},"end":{"line":81,"column":80}},"14":{"start":{"line":81,"column":42},"end":{"line":81,"column":80}},"15":{"start":{"line":82,"column":6},"end":{"line":83,"column":36}},"16":{"start":{"line":83,"column":20},"end":{"line":83,"column":34}},"17":{"start":{"line":88,"column":29},"end":{"line":91,"column":30}},"18":{"start":{"line":93,"column":4},"end":{"line":107,"column":5}},"19":{"start":{"line":94,"column":6},"end":{"line":98,"column":7}},"20":{"start":{"line":95,"column":8},"end":{"line":95,"column":62}},"21":{"start":{"line":97,"column":8},"end":{"line":97,"column":31}},"22":{"start":{"line":99,"column":6},"end":{"line":103,"column":7}},"23":{"start":{"line":100,"column":8},"end":{"line":100,"column":68}},"24":{"start":{"line":102,"column":8},"end":{"line":102,"column":34}},"25":{"start":{"line":105,"column":6},"end":{"line":105,"column":29}},"26":{"start":{"line":106,"column":6},"end":{"line":106,"column":32}},"27":{"start":{"line":109,"column":4},"end":{"line":109,"column":28}},"28":{"start":{"line":112,"column":23},"end":{"line":126,"column":3}},"29":{"start":{"line":113,"column":4},"end":{"line":113,"column":27}},"30":{"start":{"line":114,"column":4},"end":{"line":114,"column":20}},"31":{"start":{"line":115,"column":4},"end":{"line":125,"column":5}},"32":{"start":{"line":116,"column":26},"end":{"line":116,"column":78}},"33":{"start":{"line":117,"column":6},"end":{"line":117,"column":19}},"34":{"start":{"line":118,"column":6},"end":{"line":118,"column":22}},"35":{"start":{"line":119,"column":6},"end":{"line":124,"column":7}},"36":{"start":{"line":120,"column":8},"end":{"line":120,"column":33}},"37":{"start":{"line":121,"column":8},"end":{"line":123,"column":9}},"38":{"start":{"line":122,"column":10},"end":{"line":122,"column":28}},"39":{"start":{"line":128,"column":2},"end":{"line":130,"column":3}},"40":{"start":{"line":129,"column":4},"end":{"line":129,"column":31}},"41":{"start":{"line":132,"column":2},"end":{"line":181,"column":4}},"42":{"start":{"line":173,"column":18},"end":{"line":173,"column":36}},"43":{"start":{"line":186,"column":0},"end":{"line":191,"column":2}}},"fnMap":{"0":{"name":"(anonymous_0)","decl":{"start":{"line":67,"column":18},"end":{"line":67,"column":19}},"loc":{"start":{"line":67,"column":29},"end":{"line":182,"column":1}},"line":67},"1":{"name":"(anonymous_1)","decl":{"start":{"line":79,"column":12},"end":{"line":79,"column":13}},"loc":{"start":{"line":79,"column":18},"end":{"line":85,"column":3}},"line":79},"2":{"name":"(anonymous_2)","decl":{"start":{"line":81,"column":30},"end":{"line":81,"column":31}},"loc":{"start":{"line":81,"column":42},"end":{"line":81,"column":80}},"line":81},"3":{"name":"(anonymous_3)","decl":{"start":{"line":83,"column":15},"end":{"line":83,"column":16}},"loc":{"start":{"line":83,"column":20},"end":{"line":83,"column":34}},"line":83},"4":{"name":"validateInput","decl":{"start":{"line":87,"column":11},"end":{"line":87,"column":24}},"loc":{"start":{"line":87,"column":27},"end":{"line":110,"column":3}},"line":87},"5":{"name":"(anonymous_5)","decl":{"start":{"line":112,"column":23},"end":{"line":112,"column":24}},"loc":{"start":{"line":112,"column":40},"end":{"line":126,"column":3}},"line":112},"6":{"name":"(anonymous_6)","decl":{"start":{"line":172,"column":29},"end":{"line":172,"column":30}},"loc":{"start":{"line":172,"column":35},"end":{"line":174,"column":17}},"line":172}},"branchMap":{"0":{"loc":{"start":{"line":80,"column":4},"end":{"line":84,"column":5}},"type":"if","locations":[{"start":{"line":80,"column":4},"end":{"line":84,"column":5}},{"start":{"line":80,"column":4},"end":{"line":84,"column":5}}],"line":80},"1":{"loc":{"start":{"line":93,"column":4},"end":{"line":107,"column":5}},"type":"if","locations":[{"start":{"line":93,"column":4},"end":{"line":107,"column":5}},{"start":{"line":93,"column":4},"end":{"line":107,"column":5}}],"line":93},"2":{"loc":{"start":{"line":94,"column":6},"end":{"line":98,"column":7}},"type":"if","locations":[{"start":{"line":94,"column":6},"end":{"line":98,"column":7}},{"start":{"line":94,"column":6},"end":{"line":98,"column":7}}],"line":94},"3":{"loc":{"start":{"line":99,"column":6},"end":{"line":103,"column":7}},"type":"if","locations":[{"start":{"line":99,"column":6},"end":{"line":103,"column":7}},{"start":{"line":99,"column":6},"end":{"line":103,"column":7}}],"line":99},"4":{"loc":{"start":{"line":115,"column":4},"end":{"line":125,"column":5}},"type":"if","locations":[{"start":{"line":115,"column":4},"end":{"line":125,"column":5}},{"start":{"line":115,"column":4},"end":{"line":125,"column":5}}],"line":115},"5":{"loc":{"start":{"line":119,"column":6},"end":{"line":124,"column":7}},"type":"if","locations":[{"start":{"line":119,"column":6},"end":{"line":124,"column":7}},{"start":{"line":119,"column":6},"end":{"line":124,"column":7}}],"line":119},"6":{"loc":{"start":{"line":121,"column":8},"end":{"line":123,"column":9}},"type":"if","locations":[{"start":{"line":121,"column":8},"end":{"line":123,"column":9}},{"start":{"line":121,"column":8},"end":{"line":123,"column":9}}],"line":121},"7":{"loc":{"start":{"line":128,"column":2},"end":{"line":130,"column":3}},"type":"if","locations":[{"start":{"line":128,"column":2},"end":{"line":130,"column":3}},{"start":{"line":128,"column":2},"end":{"line":130,"column":3}}],"line":128},"8":{"loc":{"start":{"line":153,"column":47},"end":{"line":153,"column":81}},"type":"cond-expr","locations":[{"start":{"line":153,"column":66},"end":{"line":153,"column":73}},{"start":{"line":153,"column":76},"end":{"line":153,"column":81}}],"line":153}},"s":{"0":1,"1":1,"2":1,"3":1,"4":0,"5":0,"6":0,"7":0,"8":0,"9":0,"10":0,"11":0,"12":0,"13":0,"14":0,"15":0,"16":0,"17":0,"18":0,"19":0,"20":0,"21":0,"22":0,"23":0,"24":0,"25":0,"26":0,"27":0,"28":0,"29":0,"30":0,"31":0,"32":0,"33":0,"34":0,"35":0,"36":0,"37":0,"38":0,"39":0,"40":0,"41":0,"42":0,"43":1},"f":{"0":0,"1":0,"2":0,"3":0,"4":0,"5":0,"6":0},"b":{"0":[0,0],"1":[0,0],"2":[0,0],"3":[0,0],"4":[0,0],"5":[0,0],"6":[0,0],"7":[0,0],"8":[0,0]},"_coverageSchema":"43e27e138ebf9cfc5966b082cf9a028302ed4184","hash":"2010bee67694f7b1114b8443b20f3bcaabeef6f8"}
,"/home/iivanovw7/WEB/work-book/client/src/components/Navigation/MobileNavbar.jsx": {"path":"/home/iivanovw7/WEB/work-book/client/src/components/Navigation/MobileNavbar.jsx","statementMap":{"0":{"start":{"line":14,"column":22},"end":{"line":26,"column":1}},"1":{"start":{"line":28,"column":21},"end":{"line":87,"column":1}},"2":{"start":{"line":31,"column":6},"end":{"line":31,"column":11}},"3":{"start":{"line":32,"column":30},"end":{"line":32,"column":49}},"4":{"start":{"line":35,"column":21},"end":{"line":42,"column":3}},"5":{"start":{"line":44,"column":2},"end":{"line":86,"column":4}},"6":{"start":{"line":48,"column":10},"end":{"line":57,"column":11}},"7":{"start":{"line":66,"column":14},"end":{"line":66,"column":33}},"8":{"start":{"line":67,"column":14},"end":{"line":67,"column":38}},"9":{"start":{"line":68,"column":14},"end":{"line":68,"column":37}},"10":{"start":{"line":79,"column":12},"end":{"line":79,"column":31}},"11":{"start":{"line":80,"column":12},"end":{"line":80,"column":31}},"12":{"start":{"line":89,"column":0},"end":{"line":91,"column":2}},"13":{"start":{"line":93,"column":0},"end":{"line":95,"column":2}},"14":{"start":{"line":97,"column":0},"end":{"line":105,"column":2}}},"fnMap":{"0":{"name":"(anonymous_0)","decl":{"start":{"line":28,"column":21},"end":{"line":28,"column":22}},"loc":{"start":{"line":28,"column":32},"end":{"line":87,"column":1}},"line":28},"1":{"name":"(anonymous_1)","decl":{"start":{"line":47,"column":19},"end":{"line":47,"column":20}},"loc":{"start":{"line":48,"column":10},"end":{"line":57,"column":11}},"line":48},"2":{"name":"(anonymous_2)","decl":{"start":{"line":65,"column":25},"end":{"line":65,"column":26}},"loc":{"start":{"line":65,"column":32},"end":{"line":69,"column":13}},"line":65},"3":{"name":"(anonymous_3)","decl":{"start":{"line":78,"column":23},"end":{"line":78,"column":24}},"loc":{"start":{"line":78,"column":30},"end":{"line":81,"column":11}},"line":78}},"branchMap":{"0":{"loc":{"start":{"line":48,"column":10},"end":{"line":57,"column":11}},"type":"binary-expr","locations":[{"start":{"line":48,"column":10},"end":{"line":48,"column":59}},{"start":{"line":49,"column":12},"end":{"line":56,"column":14}}],"line":48},"1":{"loc":{"start":{"line":52,"column":20},"end":{"line":52,"column":82}},"type":"cond-expr","locations":[{"start":{"line":52,"column":52},"end":{"line":52,"column":71}},{"start":{"line":52,"column":74},"end":{"line":52,"column":82}}],"line":52},"2":{"loc":{"start":{"line":59,"column":9},"end":{"line":72,"column":9}},"type":"binary-expr","locations":[{"start":{"line":59,"column":9},"end":{"line":59,"column":19}},{"start":{"line":60,"column":10},"end":{"line":71,"column":12}}],"line":59}},"s":{"0":1,"1":1,"2":0,"3":0,"4":0,"5":0,"6":0,"7":0,"8":0,"9":0,"10":0,"11":0,"12":1,"13":1,"14":1},"f":{"0":0,"1":0,"2":0,"3":0},"b":{"0":[0,0],"1":[0,0],"2":[0,0]},"_coverageSchema":"43e27e138ebf9cfc5966b082cf9a028302ed4184","hash":"fe80493712d0bb26eff30b34f7fe71e61db0321e"}
,"/home/iivanovw7/WEB/work-book/client/src/components/Navigation/SideBar.jsx": {"path":"/home/iivanovw7/WEB/work-book/client/src/components/Navigation/SideBar.jsx","statementMap":{"0":{"start":{"line":17,"column":23},"end":{"line":29,"column":1}},"1":{"start":{"line":31,"column":27},"end":{"line":43,"column":1}},"2":{"start":{"line":41,"column":27},"end":{"line":41,"column":77}},"3":{"start":{"line":45,"column":16},"end":{"line":113,"column":1}},"4":{"start":{"line":48,"column":6},"end":{"line":48,"column":11}},"5":{"start":{"line":49,"column":30},"end":{"line":49,"column":49}},"6":{"start":{"line":50,"column":20},"end":{"line":50,"column":39}},"7":{"start":{"line":53,"column":21},"end":{"line":60,"column":3}},"8":{"start":{"line":62,"column":2},"end":{"line":112,"column":4}},"9":{"start":{"line":67,"column":12},"end":{"line":75,"column":13}},"10":{"start":{"line":83,"column":16},"end":{"line":83,"column":35}},"11":{"start":{"line":84,"column":16},"end":{"line":84,"column":40}},"12":{"start":{"line":85,"column":16},"end":{"line":85,"column":39}},"13":{"start":{"line":95,"column":14},"end":{"line":95,"column":33}},"14":{"start":{"line":115,"column":0},"end":{"line":117,"column":2}},"15":{"start":{"line":119,"column":0},"end":{"line":121,"column":2}},"16":{"start":{"line":123,"column":0},"end":{"line":131,"column":2}}},"fnMap":{"0":{"name":"(anonymous_0)","decl":{"start":{"line":41,"column":17},"end":{"line":41,"column":18}},"loc":{"start":{"line":41,"column":27},"end":{"line":41,"column":77}},"line":41},"1":{"name":"(anonymous_1)","decl":{"start":{"line":45,"column":16},"end":{"line":45,"column":17}},"loc":{"start":{"line":45,"column":27},"end":{"line":113,"column":1}},"line":45},"2":{"name":"(anonymous_2)","decl":{"start":{"line":66,"column":21},"end":{"line":66,"column":22}},"loc":{"start":{"line":67,"column":12},"end":{"line":75,"column":13}},"line":67},"3":{"name":"(anonymous_3)","decl":{"start":{"line":82,"column":27},"end":{"line":82,"column":28}},"loc":{"start":{"line":82,"column":34},"end":{"line":86,"column":15}},"line":82},"4":{"name":"(anonymous_4)","decl":{"start":{"line":94,"column":26},"end":{"line":94,"column":27}},"loc":{"start":{"line":94,"column":32},"end":{"line":96,"column":13}},"line":94}},"branchMap":{"0":{"loc":{"start":{"line":41,"column":27},"end":{"line":41,"column":77}},"type":"cond-expr","locations":[{"start":{"line":41,"column":62},"end":{"line":41,"column":68}},{"start":{"line":41,"column":71},"end":{"line":41,"column":77}}],"line":41},"1":{"loc":{"start":{"line":41,"column":27},"end":{"line":41,"column":59}},"type":"binary-expr","locations":[{"start":{"line":41,"column":27},"end":{"line":41,"column":39}},{"start":{"line":41,"column":43},"end":{"line":41,"column":59}}],"line":41},"2":{"loc":{"start":{"line":67,"column":12},"end":{"line":75,"column":13}},"type":"binary-expr","locations":[{"start":{"line":67,"column":12},"end":{"line":67,"column":61}},{"start":{"line":68,"column":14},"end":{"line":74,"column":16}}],"line":67},"3":{"loc":{"start":{"line":70,"column":22},"end":{"line":70,"column":84}},"type":"cond-expr","locations":[{"start":{"line":70,"column":54},"end":{"line":70,"column":73}},{"start":{"line":70,"column":76},"end":{"line":70,"column":84}}],"line":70},"4":{"loc":{"start":{"line":77,"column":11},"end":{"line":89,"column":11}},"type":"binary-expr","locations":[{"start":{"line":77,"column":11},"end":{"line":77,"column":21}},{"start":{"line":78,"column":12},"end":{"line":88,"column":14}}],"line":77}},"s":{"0":1,"1":1,"2":0,"3":1,"4":0,"5":0,"6":0,"7":0,"8":0,"9":0,"10":0,"11":0,"12":0,"13":0,"14":1,"15":1,"16":1},"f":{"0":0,"1":0,"2":0,"3":0,"4":0},"b":{"0":[0,0],"1":[0,0],"2":[0,0],"3":[0,0],"4":[0,0]},"_coverageSchema":"43e27e138ebf9cfc5966b082cf9a028302ed4184","hash":"337fd8d40a75e5016978950e454dfb37ebe3549e"}
,"/home/iivanovw7/WEB/work-book/client/src/components/Navigation/TopBar.jsx": {"path":"/home/iivanovw7/WEB/work-book/client/src/components/Navigation/TopBar.jsx","statementMap":{"0":{"start":{"line":13,"column":22},"end":{"line":26,"column":1}},"1":{"start":{"line":28,"column":15},"end":{"line":46,"column":1}},"2":{"start":{"line":29,"column":27},"end":{"line":29,"column":32}},"3":{"start":{"line":30,"column":23},"end":{"line":30,"column":35}},"4":{"start":{"line":32,"column":2},"end":{"line":45,"column":4}},"5":{"start":{"line":41,"column":10},"end":{"line":41,"column":35}},"6":{"start":{"line":48,"column":0},"end":{"line":51,"column":2}}},"fnMap":{"0":{"name":"(anonymous_0)","decl":{"start":{"line":28,"column":15},"end":{"line":28,"column":16}},"loc":{"start":{"line":28,"column":26},"end":{"line":46,"column":1}},"line":28},"1":{"name":"(anonymous_1)","decl":{"start":{"line":40,"column":21},"end":{"line":40,"column":22}},"loc":{"start":{"line":40,"column":27},"end":{"line":42,"column":9}},"line":40}},"branchMap":{"0":{"loc":{"start":{"line":35,"column":15},"end":{"line":35,"column":65}},"type":"cond-expr","locations":[{"start":{"line":35,"column":48},"end":{"line":35,"column":55}},{"start":{"line":35,"column":58},"end":{"line":35,"column":65}}],"line":35}},"s":{"0":1,"1":1,"2":0,"3":0,"4":0,"5":0,"6":1},"f":{"0":0,"1":0},"b":{"0":[0,0]},"_coverageSchema":"43e27e138ebf9cfc5966b082cf9a028302ed4184","hash":"2b20510df51b7ea91960a22c27b5235188e30216"}
,"/home/iivanovw7/WEB/work-book/client/src/components/Post/PostForm.jsx": {"path":"/home/iivanovw7/WEB/work-book/client/src/components/Post/PostForm.jsx","statementMap":{"0":{"start":{"line":13,"column":19},"end":{"line":24,"column":1}},"1":{"start":{"line":26,"column":25},"end":{"line":38,"column":1}},"2":{"start":{"line":41,"column":17},"end":{"line":131,"column":1}},"3":{"start":{"line":44,"column":6},"end":{"line":44,"column":11}},"4":{"start":{"line":45,"column":20},"end":{"line":45,"column":44}},"5":{"start":{"line":46,"column":63},"end":{"line":46,"column":98}},"6":{"start":{"line":47,"column":72},"end":{"line":47,"column":105}},"7":{"start":{"line":48,"column":69},"end":{"line":48,"column":108}},"8":{"start":{"line":49,"column":60},"end":{"line":49,"column":104}},"9":{"start":{"line":52,"column":4},"end":{"line":52,"column":17}},"10":{"start":{"line":53,"column":4},"end":{"line":53,"column":20}},"11":{"start":{"line":54,"column":4},"end":{"line":54,"column":19}},"12":{"start":{"line":55,"column":4},"end":{"line":55,"column":16}},"13":{"start":{"line":58,"column":24},"end":{"line":66,"column":3}},"14":{"start":{"line":68,"column":23},"end":{"line":73,"column":3}},"15":{"start":{"line":69,"column":4},"end":{"line":69,"column":27}},"16":{"start":{"line":70,"column":4},"end":{"line":70,"column":62}},"17":{"start":{"line":71,"column":4},"end":{"line":71,"column":16}},"18":{"start":{"line":72,"column":4},"end":{"line":72,"column":27}},"19":{"start":{"line":75,"column":2},"end":{"line":130,"column":4}},"20":{"start":{"line":117,"column":12},"end":{"line":117,"column":30}},"21":{"start":{"line":133,"column":0},"end":{"line":141,"column":2}}},"fnMap":{"0":{"name":"(anonymous_0)","decl":{"start":{"line":41,"column":17},"end":{"line":41,"column":18}},"loc":{"start":{"line":41,"column":28},"end":{"line":131,"column":1}},"line":41},"1":{"name":"resetForm","decl":{"start":{"line":51,"column":11},"end":{"line":51,"column":20}},"loc":{"start":{"line":51,"column":23},"end":{"line":56,"column":3}},"line":51},"2":{"name":"(anonymous_2)","decl":{"start":{"line":68,"column":23},"end":{"line":68,"column":24}},"loc":{"start":{"line":68,"column":34},"end":{"line":73,"column":3}},"line":68},"3":{"name":"(anonymous_3)","decl":{"start":{"line":116,"column":23},"end":{"line":116,"column":24}},"loc":{"start":{"line":116,"column":29},"end":{"line":118,"column":11}},"line":116}},"branchMap":{"0":{"loc":{"start":{"line":45,"column":20},"end":{"line":45,"column":44}},"type":"cond-expr","locations":[{"start":{"line":45,"column":27},"end":{"line":45,"column":39}},{"start":{"line":45,"column":42},"end":{"line":45,"column":44}}],"line":45},"1":{"loc":{"start":{"line":46,"column":72},"end":{"line":46,"column":97}},"type":"binary-expr","locations":[{"start":{"line":46,"column":72},"end":{"line":46,"column":86}},{"start":{"line":46,"column":90},"end":{"line":46,"column":97}}],"line":46},"2":{"loc":{"start":{"line":47,"column":81},"end":{"line":47,"column":104}},"type":"binary-expr","locations":[{"start":{"line":47,"column":81},"end":{"line":47,"column":94}},{"start":{"line":47,"column":98},"end":{"line":47,"column":104}}],"line":47},"3":{"loc":{"start":{"line":48,"column":78},"end":{"line":48,"column":107}},"type":"binary-expr","locations":[{"start":{"line":48,"column":78},"end":{"line":48,"column":94}},{"start":{"line":48,"column":98},"end":{"line":48,"column":107}}],"line":48},"4":{"loc":{"start":{"line":49,"column":69},"end":{"line":49,"column":103}},"type":"binary-expr","locations":[{"start":{"line":49,"column":69},"end":{"line":49,"column":82}},{"start":{"line":49,"column":86},"end":{"line":49,"column":103}}],"line":49},"5":{"loc":{"start":{"line":60,"column":11},"end":{"line":60,"column":39}},"type":"cond-expr","locations":[{"start":{"line":60,"column":22},"end":{"line":60,"column":34}},{"start":{"line":60,"column":37},"end":{"line":60,"column":39}}],"line":60},"6":{"loc":{"start":{"line":64,"column":12},"end":{"line":64,"column":45}},"type":"cond-expr","locations":[{"start":{"line":64,"column":23},"end":{"line":64,"column":27}},{"start":{"line":64,"column":30},"end":{"line":64,"column":45}}],"line":64},"7":{"loc":{"start":{"line":70,"column":4},"end":{"line":70,"column":61}},"type":"cond-expr","locations":[{"start":{"line":70,"column":11},"end":{"line":70,"column":36}},{"start":{"line":70,"column":39},"end":{"line":70,"column":61}}],"line":70}},"s":{"0":3,"1":3,"2":3,"3":4,"4":4,"5":4,"6":4,"7":4,"8":4,"9":0,"10":0,"11":0,"12":0,"13":4,"14":4,"15":0,"16":0,"17":0,"18":0,"19":4,"20":0,"21":3},"f":{"0":4,"1":0,"2":0,"3":0},"b":{"0":[2,2],"1":[4,2],"2":[4,2],"3":[4,2],"4":[4,2],"5":[4,0],"6":[4,0],"7":[0,0]},"_coverageSchema":"43e27e138ebf9cfc5966b082cf9a028302ed4184","hash":"2daddd2ac0eae186425915e66e119f800928ba47"}
,"/home/iivanovw7/WEB/work-book/client/src/components/Post/PostStyleGuide.jsx": {"path":"/home/iivanovw7/WEB/work-book/client/src/components/Post/PostStyleGuide.jsx","statementMap":{"0":{"start":{"line":8,"column":13},"end":{"line":12,"column":1}},"1":{"start":{"line":14,"column":23},"end":{"line":50,"column":1}},"2":{"start":{"line":15,"column":37},"end":{"line":15,"column":42}},"3":{"start":{"line":16,"column":19},"end":{"line":33,"column":3}},"4":{"start":{"line":35,"column":2},"end":{"line":49,"column":4}},"5":{"start":{"line":38,"column":8},"end":{"line":46,"column":10}},"6":{"start":{"line":52,"column":0},"end":{"line":56,"column":2}}},"fnMap":{"0":{"name":"(anonymous_0)","decl":{"start":{"line":14,"column":23},"end":{"line":14,"column":24}},"loc":{"start":{"line":14,"column":34},"end":{"line":50,"column":1}},"line":14},"1":{"name":"(anonymous_1)","decl":{"start":{"line":37,"column":20},"end":{"line":37,"column":21}},"loc":{"start":{"line":38,"column":8},"end":{"line":46,"column":10}},"line":38}},"branchMap":{},"s":{"0":3,"1":3,"2":4,"3":4,"4":4,"5":16,"6":3},"f":{"0":4,"1":16},"b":{},"_coverageSchema":"43e27e138ebf9cfc5966b082cf9a028302ed4184","hash":"569a1e8702ffaf6880c0344d4e30fd7e3926baa9"}
,"/home/iivanovw7/WEB/work-book/client/src/components/Post/PostView.jsx": {"path":"/home/iivanovw7/WEB/work-book/client/src/components/Post/PostView.jsx","statementMap":{"0":{"start":{"line":16,"column":28},"end":{"line":26,"column":1}},"1":{"start":{"line":28,"column":19},"end":{"line":36,"column":1}},"2":{"start":{"line":38,"column":28},"end":{"line":40,"column":1}},"3":{"start":{"line":42,"column":31},"end":{"line":57,"column":1}},"4":{"start":{"line":59,"column":28},"end":{"line":61,"column":1}},"5":{"start":{"line":63,"column":17},"end":{"line":160,"column":1}},"6":{"start":{"line":66,"column":6},"end":{"line":66,"column":11}},"7":{"start":{"line":67,"column":2},"end":{"line":67,"column":36}},"8":{"start":{"line":68,"column":15},"end":{"line":68,"column":27}},"9":{"start":{"line":69,"column":38},"end":{"line":69,"column":53}},"10":{"start":{"line":70,"column":14},"end":{"line":70,"column":66}},"11":{"start":{"line":71,"column":24},"end":{"line":75,"column":3}},"12":{"start":{"line":77,"column":2},"end":{"line":81,"column":9}},"13":{"start":{"line":78,"column":28},"end":{"line":78,"column":78}},"14":{"start":{"line":78,"column":40},"end":{"line":78,"column":78}},"15":{"start":{"line":79,"column":4},"end":{"line":79,"column":28}},"16":{"start":{"line":80,"column":4},"end":{"line":80,"column":49}},"17":{"start":{"line":80,"column":33},"end":{"line":80,"column":47}},"18":{"start":{"line":84,"column":4},"end":{"line":84,"column":33}},"19":{"start":{"line":87,"column":2},"end":{"line":98,"column":3}},"20":{"start":{"line":88,"column":4},"end":{"line":97,"column":6}},"21":{"start":{"line":94,"column":10},"end":{"line":94,"column":33}},"22":{"start":{"line":100,"column":2},"end":{"line":159,"column":4}},"23":{"start":{"line":110,"column":14},"end":{"line":110,"column":33}},"24":{"start":{"line":111,"column":14},"end":{"line":111,"column":36}},"25":{"start":{"line":137,"column":14},"end":{"line":137,"column":32}},"26":{"start":{"line":148,"column":18},"end":{"line":148,"column":60}},"27":{"start":{"line":164,"column":0},"end":{"line":170,"column":2}}},"fnMap":{"0":{"name":"(anonymous_0)","decl":{"start":{"line":63,"column":17},"end":{"line":63,"column":18}},"loc":{"start":{"line":63,"column":28},"end":{"line":160,"column":1}},"line":63},"1":{"name":"(anonymous_1)","decl":{"start":{"line":77,"column":12},"end":{"line":77,"column":13}},"loc":{"start":{"line":77,"column":18},"end":{"line":81,"column":3}},"line":77},"2":{"name":"(anonymous_2)","decl":{"start":{"line":78,"column":28},"end":{"line":78,"column":29}},"loc":{"start":{"line":78,"column":40},"end":{"line":78,"column":78}},"line":78},"3":{"name":"(anonymous_3)","decl":{"start":{"line":80,"column":28},"end":{"line":80,"column":29}},"loc":{"start":{"line":80,"column":33},"end":{"line":80,"column":47}},"line":80},"4":{"name":"handleClick","decl":{"start":{"line":83,"column":11},"end":{"line":83,"column":22}},"loc":{"start":{"line":83,"column":27},"end":{"line":85,"column":3}},"line":83},"5":{"name":"(anonymous_5)","decl":{"start":{"line":93,"column":21},"end":{"line":93,"column":22}},"loc":{"start":{"line":93,"column":27},"end":{"line":95,"column":9}},"line":93},"6":{"name":"(anonymous_6)","decl":{"start":{"line":109,"column":25},"end":{"line":109,"column":26}},"loc":{"start":{"line":109,"column":32},"end":{"line":112,"column":13}},"line":109},"7":{"name":"(anonymous_7)","decl":{"start":{"line":136,"column":25},"end":{"line":136,"column":26}},"loc":{"start":{"line":136,"column":31},"end":{"line":138,"column":13}},"line":136},"8":{"name":"(anonymous_8)","decl":{"start":{"line":147,"column":29},"end":{"line":147,"column":30}},"loc":{"start":{"line":147,"column":35},"end":{"line":149,"column":17}},"line":147}},"branchMap":{"0":{"loc":{"start":{"line":87,"column":2},"end":{"line":98,"column":3}},"type":"if","locations":[{"start":{"line":87,"column":2},"end":{"line":98,"column":3}},{"start":{"line":87,"column":2},"end":{"line":98,"column":3}}],"line":87},"1":{"loc":{"start":{"line":141,"column":13},"end":{"line":151,"column":13}},"type":"binary-expr","locations":[{"start":{"line":141,"column":13},"end":{"line":141,"column":23}},{"start":{"line":142,"column":14},"end":{"line":150,"column":16}}],"line":141},"2":{"loc":{"start":{"line":152,"column":13},"end":{"line":154,"column":13}},"type":"binary-expr","locations":[{"start":{"line":152,"column":13},"end":{"line":152,"column":23}},{"start":{"line":153,"column":14},"end":{"line":153,"column":51}}],"line":152}},"s":{"0":2,"1":2,"2":2,"3":2,"4":2,"5":2,"6":1,"7":1,"8":1,"9":1,"10":1,"11":1,"12":1,"13":0,"14":0,"15":0,"16":0,"17":0,"18":0,"19":1,"20":0,"21":0,"22":1,"23":0,"24":0,"25":0,"26":0,"27":2},"f":{"0":1,"1":0,"2":0,"3":0,"4":0,"5":0,"6":0,"7":0,"8":0},"b":{"0":[0,1],"1":[1,0],"2":[1,0]},"_coverageSchema":"43e27e138ebf9cfc5966b082cf9a028302ed4184","hash":"99797e61b3873e9d422eadbb5c6b5fc2127998db"}
,"/home/iivanovw7/WEB/work-book/client/src/components/Posts/List.jsx": {"path":"/home/iivanovw7/WEB/work-book/client/src/components/Posts/List.jsx","statementMap":{"0":{"start":{"line":11,"column":39},"end":{"line":11,"column":51}},"1":{"start":{"line":13,"column":18},"end":{"line":25,"column":1}},"2":{"start":{"line":18,"column":32},"end":{"line":18,"column":100}},"3":{"start":{"line":22,"column":32},"end":{"line":22,"column":61}},"4":{"start":{"line":27,"column":18},"end":{"line":85,"column":1}},"5":{"start":{"line":30,"column":6},"end":{"line":30,"column":11}},"6":{"start":{"line":31,"column":20},"end":{"line":31,"column":33}},"7":{"start":{"line":32,"column":38},"end":{"line":32,"column":49}},"8":{"start":{"line":33,"column":44},"end":{"line":33,"column":55}},"9":{"start":{"line":34,"column":18},"end":{"line":34,"column":28}},"10":{"start":{"line":37,"column":4},"end":{"line":40,"column":5}},"11":{"start":{"line":38,"column":6},"end":{"line":38,"column":50}},"12":{"start":{"line":39,"column":6},"end":{"line":39,"column":50}},"13":{"start":{"line":43,"column":33},"end":{"line":51,"column":9}},"14":{"start":{"line":44,"column":25},"end":{"line":44,"column":60}},"15":{"start":{"line":45,"column":23},"end":{"line":45,"column":79}},"16":{"start":{"line":46,"column":26},"end":{"line":46,"column":60}},"17":{"start":{"line":48,"column":4},"end":{"line":50,"column":5}},"18":{"start":{"line":49,"column":6},"end":{"line":49,"column":31}},"19":{"start":{"line":53,"column":2},"end":{"line":55,"column":31}},"20":{"start":{"line":54,"column":4},"end":{"line":54,"column":18}},"21":{"start":{"line":58,"column":4},"end":{"line":58,"column":33}},"22":{"start":{"line":61,"column":2},"end":{"line":61,"column":83}},"23":{"start":{"line":61,"column":44},"end":{"line":61,"column":73}},"24":{"start":{"line":63,"column":2},"end":{"line":84,"column":4}},"25":{"start":{"line":66,"column":8},"end":{"line":66,"column":42}},"26":{"start":{"line":67,"column":20},"end":{"line":67,"column":72}},"27":{"start":{"line":69,"column":8},"end":{"line":78,"column":10}},"28":{"start":{"line":87,"column":0},"end":{"line":95,"column":2}}},"fnMap":{"0":{"name":"(anonymous_0)","decl":{"start":{"line":18,"column":22},"end":{"line":18,"column":23}},"loc":{"start":{"line":18,"column":32},"end":{"line":18,"column":100}},"line":18},"1":{"name":"(anonymous_1)","decl":{"start":{"line":22,"column":22},"end":{"line":22,"column":23}},"loc":{"start":{"line":22,"column":32},"end":{"line":22,"column":61}},"line":22},"2":{"name":"(anonymous_2)","decl":{"start":{"line":27,"column":18},"end":{"line":27,"column":19}},"loc":{"start":{"line":27,"column":29},"end":{"line":85,"column":1}},"line":27},"3":{"name":"setListSize","decl":{"start":{"line":36,"column":11},"end":{"line":36,"column":22}},"loc":{"start":{"line":36,"column":25},"end":{"line":41,"column":3}},"line":36},"4":{"name":"(anonymous_4)","decl":{"start":{"line":43,"column":42},"end":{"line":43,"column":43}},"loc":{"start":{"line":43,"column":48},"end":{"line":51,"column":3}},"line":43},"5":{"name":"(anonymous_5)","decl":{"start":{"line":53,"column":12},"end":{"line":53,"column":13}},"loc":{"start":{"line":53,"column":18},"end":{"line":55,"column":3}},"line":53},"6":{"name":"handleClick","decl":{"start":{"line":57,"column":11},"end":{"line":57,"column":22}},"loc":{"start":{"line":57,"column":27},"end":{"line":59,"column":3}},"line":57},"7":{"name":"(anonymous_7)","decl":{"start":{"line":61,"column":35},"end":{"line":61,"column":36}},"loc":{"start":{"line":61,"column":44},"end":{"line":61,"column":73}},"line":61},"8":{"name":"(anonymous_8)","decl":{"start":{"line":65,"column":17},"end":{"line":65,"column":18}},"loc":{"start":{"line":65,"column":27},"end":{"line":79,"column":7}},"line":65}},"branchMap":{"0":{"loc":{"start":{"line":18,"column":32},"end":{"line":18,"column":100}},"type":"cond-expr","locations":[{"start":{"line":18,"column":48},"end":{"line":18,"column":92}},{"start":{"line":18,"column":95},"end":{"line":18,"column":100}}],"line":18},"1":{"loc":{"start":{"line":22,"column":32},"end":{"line":22,"column":61}},"type":"cond-expr","locations":[{"start":{"line":22,"column":48},"end":{"line":22,"column":53}},{"start":{"line":22,"column":56},"end":{"line":22,"column":61}}],"line":22},"2":{"loc":{"start":{"line":37,"column":4},"end":{"line":40,"column":5}},"type":"if","locations":[{"start":{"line":37,"column":4},"end":{"line":40,"column":5}},{"start":{"line":37,"column":4},"end":{"line":40,"column":5}}],"line":37},"3":{"loc":{"start":{"line":48,"column":4},"end":{"line":50,"column":5}},"type":"if","locations":[{"start":{"line":48,"column":4},"end":{"line":50,"column":5}},{"start":{"line":48,"column":4},"end":{"line":50,"column":5}}],"line":48},"4":{"loc":{"start":{"line":80,"column":7},"end":{"line":82,"column":7}},"type":"binary-expr","locations":[{"start":{"line":80,"column":7},"end":{"line":80,"column":14}},{"start":{"line":81,"column":8},"end":{"line":81,"column":14}}],"line":80}},"s":{"0":1,"1":1,"2":2,"3":2,"4":1,"5":2,"6":2,"7":2,"8":2,"9":2,"10":1,"11":1,"12":1,"13":2,"14":0,"15":0,"16":0,"17":0,"18":0,"19":2,"20":1,"21":0,"22":2,"23":0,"24":2,"25":2,"26":2,"27":2,"28":1},"f":{"0":2,"1":2,"2":2,"3":1,"4":0,"5":1,"6":0,"7":0,"8":2},"b":{"0":[2,0],"1":[2,0],"2":[1,0],"3":[0,0],"4":[2,0]},"_coverageSchema":"43e27e138ebf9cfc5966b082cf9a028302ed4184","hash":"6ecc01c3145eec278ea7755203e70f826d419bc5"}
,"/home/iivanovw7/WEB/work-book/client/src/components/Posts/ListElement/Container.jsx": {"path":"/home/iivanovw7/WEB/work-book/client/src/components/Posts/ListElement/Container.jsx","statementMap":{"0":{"start":{"line":11,"column":16},"end":{"line":54,"column":1}},"1":{"start":{"line":56,"column":22},"end":{"line":61,"column":1}},"2":{"start":{"line":59,"column":30},"end":{"line":59,"column":50}},"3":{"start":{"line":63,"column":29},"end":{"line":76,"column":1}},"4":{"start":{"line":64,"column":2},"end":{"line":75,"column":4}},"5":{"start":{"line":78,"column":0},"end":{"line":87,"column":2}}},"fnMap":{"0":{"name":"(anonymous_0)","decl":{"start":{"line":59,"column":21},"end":{"line":59,"column":22}},"loc":{"start":{"line":59,"column":30},"end":{"line":59,"column":50}},"line":59},"1":{"name":"(anonymous_1)","decl":{"start":{"line":63,"column":29},"end":{"line":63,"column":30}},"loc":{"start":{"line":63,"column":40},"end":{"line":76,"column":1}},"line":63}},"branchMap":{},"s":{"0":1,"1":1,"2":4,"3":1,"4":2,"5":1},"f":{"0":4,"1":2},"b":{},"_coverageSchema":"43e27e138ebf9cfc5966b082cf9a028302ed4184","hash":"f1580f3898124617b84fc195cf43e44e6c46c24e"}
,"/home/iivanovw7/WEB/work-book/client/src/components/Posts/ListElement/Description.jsx": {"path":"/home/iivanovw7/WEB/work-book/client/src/components/Posts/ListElement/Description.jsx","statementMap":{"0":{"start":{"line":8,"column":31},"end":{"line":48,"column":1}},"1":{"start":{"line":11,"column":6},"end":{"line":11,"column":11}},"2":{"start":{"line":12,"column":15},"end":{"line":12,"column":27}},"3":{"start":{"line":14,"column":2},"end":{"line":47,"column":4}},"4":{"start":{"line":23,"column":12},"end":{"line":23,"column":31}},"5":{"start":{"line":24,"column":12},"end":{"line":24,"column":34}},"6":{"start":{"line":50,"column":0},"end":{"line":60,"column":2}}},"fnMap":{"0":{"name":"(anonymous_0)","decl":{"start":{"line":8,"column":31},"end":{"line":8,"column":32}},"loc":{"start":{"line":8,"column":42},"end":{"line":48,"column":1}},"line":8},"1":{"name":"(anonymous_1)","decl":{"start":{"line":22,"column":23},"end":{"line":22,"column":24}},"loc":{"start":{"line":22,"column":30},"end":{"line":25,"column":11}},"line":22}},"branchMap":{},"s":{"0":1,"1":2,"2":2,"3":2,"4":0,"5":0,"6":1},"f":{"0":2,"1":0},"b":{},"_coverageSchema":"43e27e138ebf9cfc5966b082cf9a028302ed4184","hash":"2d6907960363a0a364a8c96996961c45e4bb78f5"}
,"/home/iivanovw7/WEB/work-book/client/src/components/Posts/ListElement/Details.jsx": {"path":"/home/iivanovw7/WEB/work-book/client/src/components/Posts/ListElement/Details.jsx","statementMap":{"0":{"start":{"line":10,"column":28},"end":{"line":13,"column":1}},"1":{"start":{"line":15,"column":27},"end":{"line":54,"column":1}},"2":{"start":{"line":18,"column":6},"end":{"line":18,"column":11}},"3":{"start":{"line":19,"column":15},"end":{"line":19,"column":27}},"4":{"start":{"line":20,"column":24},"end":{"line":24,"column":3}},"5":{"start":{"line":26,"column":2},"end":{"line":53,"column":4}},"6":{"start":{"line":48,"column":10},"end":{"line":48,"column":29}},"7":{"start":{"line":49,"column":10},"end":{"line":49,"column":32}},"8":{"start":{"line":56,"column":0},"end":{"line":66,"column":2}}},"fnMap":{"0":{"name":"(anonymous_0)","decl":{"start":{"line":15,"column":27},"end":{"line":15,"column":28}},"loc":{"start":{"line":15,"column":38},"end":{"line":54,"column":1}},"line":15},"1":{"name":"(anonymous_1)","decl":{"start":{"line":47,"column":21},"end":{"line":47,"column":22}},"loc":{"start":{"line":47,"column":28},"end":{"line":50,"column":9}},"line":47}},"branchMap":{},"s":{"0":1,"1":1,"2":2,"3":2,"4":2,"5":2,"6":0,"7":0,"8":1},"f":{"0":2,"1":0},"b":{},"_coverageSchema":"43e27e138ebf9cfc5966b082cf9a028302ed4184","hash":"25f483f3e4fa28c00acf0462d5933f754686c47b"}
,"/home/iivanovw7/WEB/work-book/client/src/components/Search/ButtonGroup.jsx": {"path":"/home/iivanovw7/WEB/work-book/client/src/components/Search/ButtonGroup.jsx","statementMap":{"0":{"start":{"line":11,"column":30},"end":{"line":22,"column":1}},"1":{"start":{"line":24,"column":20},"end":{"line":65,"column":1}},"2":{"start":{"line":27,"column":6},"end":{"line":27,"column":11}},"3":{"start":{"line":28,"column":21},"end":{"line":28,"column":82}},"4":{"start":{"line":29,"column":24},"end":{"line":33,"column":3}},"5":{"start":{"line":35,"column":2},"end":{"line":64,"column":4}},"6":{"start":{"line":47,"column":12},"end":{"line":47,"column":31}},"7":{"start":{"line":48,"column":12},"end":{"line":48,"column":38}},"8":{"start":{"line":59,"column":10},"end":{"line":59,"column":29}},"9":{"start":{"line":60,"column":10},"end":{"line":60,"column":27}},"10":{"start":{"line":67,"column":0},"end":{"line":75,"column":2}}},"fnMap":{"0":{"name":"(anonymous_0)","decl":{"start":{"line":24,"column":20},"end":{"line":24,"column":21}},"loc":{"start":{"line":24,"column":31},"end":{"line":65,"column":1}},"line":24},"1":{"name":"(anonymous_1)","decl":{"start":{"line":46,"column":23},"end":{"line":46,"column":24}},"loc":{"start":{"line":46,"column":30},"end":{"line":49,"column":11}},"line":46},"2":{"name":"(anonymous_2)","decl":{"start":{"line":58,"column":21},"end":{"line":58,"column":22}},"loc":{"start":{"line":58,"column":28},"end":{"line":61,"column":9}},"line":58}},"branchMap":{},"s":{"0":4,"1":4,"2":4,"3":4,"4":4,"5":4,"6":0,"7":0,"8":0,"9":0,"10":4},"f":{"0":4,"1":0,"2":0},"b":{},"_coverageSchema":"43e27e138ebf9cfc5966b082cf9a028302ed4184","hash":"3290d8f69f5695cc2783e67a6aec20d6b1f2c8ca"}
,"/home/iivanovw7/WEB/work-book/client/src/components/Search/DescriptionGroup.jsx": {"path":"/home/iivanovw7/WEB/work-book/client/src/components/Search/DescriptionGroup.jsx","statementMap":{"0":{"start":{"line":9,"column":30},"end":{"line":13,"column":1}},"1":{"start":{"line":15,"column":25},"end":{"line":45,"column":1}},"2":{"start":{"line":18,"column":6},"end":{"line":18,"column":11}},"3":{"start":{"line":20,"column":14},"end":{"line":20,"column":66}},"4":{"start":{"line":21,"column":21},"end":{"line":21,"column":93}},"5":{"start":{"line":23,"column":2},"end":{"line":44,"column":4}},"6":{"start":{"line":38,"column":12},"end":{"line":38,"column":31}},"7":{"start":{"line":39,"column":12},"end":{"line":39,"column":29}},"8":{"start":{"line":49,"column":0},"end":{"line":55,"column":2}}},"fnMap":{"0":{"name":"(anonymous_0)","decl":{"start":{"line":15,"column":25},"end":{"line":15,"column":26}},"loc":{"start":{"line":15,"column":36},"end":{"line":45,"column":1}},"line":15},"1":{"name":"(anonymous_1)","decl":{"start":{"line":37,"column":23},"end":{"line":37,"column":24}},"loc":{"start":{"line":37,"column":30},"end":{"line":40,"column":11}},"line":37}},"branchMap":{},"s":{"0":4,"1":4,"2":4,"3":4,"4":4,"5":4,"6":0,"7":0,"8":4},"f":{"0":4,"1":0},"b":{},"_coverageSchema":"43e27e138ebf9cfc5966b082cf9a028302ed4184","hash":"e3330ea2155b7999669a331894c0fb91280f5a8f"}
,"/home/iivanovw7/WEB/work-book/client/src/components/Search/SearchBar.jsx": {"path":"/home/iivanovw7/WEB/work-book/client/src/components/Search/SearchBar.jsx","statementMap":{"0":{"start":{"line":10,"column":27},"end":{"line":12,"column":1}},"1":{"start":{"line":14,"column":18},"end":{"line":62,"column":1}},"2":{"start":{"line":17,"column":6},"end":{"line":17,"column":11}},"3":{"start":{"line":18,"column":23},"end":{"line":18,"column":43}},"4":{"start":{"line":19,"column":48},"end":{"line":19,"column":60}},"5":{"start":{"line":20,"column":38},"end":{"line":20,"column":50}},"6":{"start":{"line":21,"column":30},"end":{"line":21,"column":64}},"7":{"start":{"line":24,"column":29},"end":{"line":26,"column":31}},"8":{"start":{"line":28,"column":4},"end":{"line":36,"column":5}},"9":{"start":{"line":29,"column":6},"end":{"line":33,"column":7}},"10":{"start":{"line":30,"column":8},"end":{"line":30,"column":67}},"11":{"start":{"line":32,"column":8},"end":{"line":32,"column":31}},"12":{"start":{"line":35,"column":6},"end":{"line":35,"column":29}},"13":{"start":{"line":38,"column":4},"end":{"line":38,"column":28}},"14":{"start":{"line":41,"column":2},"end":{"line":47,"column":25}},"15":{"start":{"line":42,"column":4},"end":{"line":45,"column":5}},"16":{"start":{"line":43,"column":6},"end":{"line":43,"column":46}},"17":{"start":{"line":44,"column":6},"end":{"line":44,"column":53}},"18":{"start":{"line":49,"column":2},"end":{"line":61,"column":4}},"19":{"start":{"line":58,"column":23},"end":{"line":58,"column":52}},"20":{"start":{"line":64,"column":0},"end":{"line":69,"column":2}}},"fnMap":{"0":{"name":"(anonymous_0)","decl":{"start":{"line":14,"column":18},"end":{"line":14,"column":19}},"loc":{"start":{"line":14,"column":29},"end":{"line":62,"column":1}},"line":14},"1":{"name":"validateInput","decl":{"start":{"line":23,"column":11},"end":{"line":23,"column":24}},"loc":{"start":{"line":23,"column":27},"end":{"line":39,"column":3}},"line":23},"2":{"name":"(anonymous_2)","decl":{"start":{"line":41,"column":12},"end":{"line":41,"column":13}},"loc":{"start":{"line":41,"column":18},"end":{"line":46,"column":3}},"line":41},"3":{"name":"(anonymous_3)","decl":{"start":{"line":58,"column":18},"end":{"line":58,"column":19}},"loc":{"start":{"line":58,"column":23},"end":{"line":58,"column":52}},"line":58}},"branchMap":{"0":{"loc":{"start":{"line":28,"column":4},"end":{"line":36,"column":5}},"type":"if","locations":[{"start":{"line":28,"column":4},"end":{"line":36,"column":5}},{"start":{"line":28,"column":4},"end":{"line":36,"column":5}}],"line":28},"1":{"loc":{"start":{"line":29,"column":6},"end":{"line":33,"column":7}},"type":"if","locations":[{"start":{"line":29,"column":6},"end":{"line":33,"column":7}},{"start":{"line":29,"column":6},"end":{"line":33,"column":7}}],"line":29},"2":{"loc":{"start":{"line":42,"column":4},"end":{"line":45,"column":5}},"type":"if","locations":[{"start":{"line":42,"column":4},"end":{"line":45,"column":5}},{"start":{"line":42,"column":4},"end":{"line":45,"column":5}}],"line":42},"3":{"loc":{"start":{"line":42,"column":8},"end":{"line":42,"column":47}},"type":"binary-expr","locations":[{"start":{"line":42,"column":8},"end":{"line":42,"column":24}},{"start":{"line":42,"column":28},"end":{"line":42,"column":47}}],"line":42}},"s":{"0":1,"1":1,"2":0,"3":0,"4":0,"5":0,"6":0,"7":0,"8":0,"9":0,"10":0,"11":0,"12":0,"13":0,"14":0,"15":0,"16":0,"17":0,"18":0,"19":0,"20":1},"f":{"0":0,"1":0,"2":0,"3":0},"b":{"0":[0,0],"1":[0,0],"2":[0,0],"3":[0,0]},"_coverageSchema":"43e27e138ebf9cfc5966b082cf9a028302ed4184","hash":"83187f6f1278057a8ae184fa585b3a90e74d772b"}
,"/home/iivanovw7/WEB/work-book/client/src/components/Search/SearchList.jsx": {"path":"/home/iivanovw7/WEB/work-book/client/src/components/Search/SearchList.jsx","statementMap":{"0":{"start":{"line":13,"column":22},"end":{"line":48,"column":1}},"1":{"start":{"line":50,"column":19},"end":{"line":110,"column":1}},"2":{"start":{"line":53,"column":6},"end":{"line":53,"column":11}},"3":{"start":{"line":54,"column":23},"end":{"line":54,"column":43}},"4":{"start":{"line":57,"column":4},"end":{"line":57,"column":33}},"5":{"start":{"line":61,"column":4},"end":{"line":61,"column":27}},"6":{"start":{"line":62,"column":4},"end":{"line":62,"column":37}},"7":{"start":{"line":65,"column":2},"end":{"line":71,"column":3}},"8":{"start":{"line":66,"column":4},"end":{"line":70,"column":6}},"9":{"start":{"line":73,"column":2},"end":{"line":109,"column":6}},"10":{"start":{"line":74,"column":4},"end":{"line":108,"column":20}},"11":{"start":{"line":83,"column":14},"end":{"line":83,"column":33}},"12":{"start":{"line":84,"column":14},"end":{"line":84,"column":40}},"13":{"start":{"line":114,"column":0},"end":{"line":121,"column":2}}},"fnMap":{"0":{"name":"(anonymous_0)","decl":{"start":{"line":50,"column":19},"end":{"line":50,"column":20}},"loc":{"start":{"line":50,"column":30},"end":{"line":110,"column":1}},"line":50},"1":{"name":"handlePostClick","decl":{"start":{"line":56,"column":11},"end":{"line":56,"column":26}},"loc":{"start":{"line":56,"column":31},"end":{"line":58,"column":3}},"line":56},"2":{"name":"handleTagClick","decl":{"start":{"line":60,"column":11},"end":{"line":60,"column":25}},"loc":{"start":{"line":60,"column":28},"end":{"line":63,"column":3}},"line":60},"3":{"name":"(anonymous_3)","decl":{"start":{"line":73,"column":19},"end":{"line":73,"column":20}},"loc":{"start":{"line":74,"column":4},"end":{"line":108,"column":20}},"line":74},"4":{"name":"(anonymous_4)","decl":{"start":{"line":82,"column":25},"end":{"line":82,"column":26}},"loc":{"start":{"line":82,"column":32},"end":{"line":85,"column":13}},"line":82}},"branchMap":{"0":{"loc":{"start":{"line":65,"column":2},"end":{"line":71,"column":3}},"type":"if","locations":[{"start":{"line":65,"column":2},"end":{"line":71,"column":3}},{"start":{"line":65,"column":2},"end":{"line":71,"column":3}}],"line":65}},"s":{"0":4,"1":4,"2":4,"3":4,"4":0,"5":0,"6":0,"7":4,"8":0,"9":4,"10":4,"11":0,"12":0,"13":4},"f":{"0":4,"1":0,"2":0,"3":4,"4":0},"b":{"0":[0,4]},"_coverageSchema":"43e27e138ebf9cfc5966b082cf9a028302ed4184","hash":"5c41b783bbdfefa70bdf6fe8c1441a1b6d3ba324"}
,"/home/iivanovw7/WEB/work-book/client/src/components/Tags/TagsCloud.jsx": {"path":"/home/iivanovw7/WEB/work-book/client/src/components/Tags/TagsCloud.jsx","statementMap":{"0":{"start":{"line":11,"column":18},"end":{"line":42,"column":1}},"1":{"start":{"line":14,"column":6},"end":{"line":14,"column":11}},"2":{"start":{"line":16,"column":23},"end":{"line":16,"column":43}},"3":{"start":{"line":17,"column":22},"end":{"line":17,"column":70}},"4":{"start":{"line":19,"column":2},"end":{"line":41,"column":6}},"5":{"start":{"line":20,"column":23},"end":{"line":20,"column":82}},"6":{"start":{"line":23,"column":6},"end":{"line":23,"column":29}},"7":{"start":{"line":24,"column":6},"end":{"line":24,"column":37}},"8":{"start":{"line":27,"column":4},"end":{"line":40,"column":6}},"9":{"start":{"line":36,"column":10},"end":{"line":36,"column":29}},"10":{"start":{"line":37,"column":10},"end":{"line":37,"column":24}},"11":{"start":{"line":44,"column":0},"end":{"line":48,"column":2}},"12":{"start":{"line":50,"column":0},"end":{"line":56,"column":2}}},"fnMap":{"0":{"name":"(anonymous_0)","decl":{"start":{"line":11,"column":18},"end":{"line":11,"column":19}},"loc":{"start":{"line":11,"column":29},"end":{"line":42,"column":1}},"line":11},"1":{"name":"(anonymous_1)","decl":{"start":{"line":19,"column":26},"end":{"line":19,"column":27}},"loc":{"start":{"line":19,"column":35},"end":{"line":41,"column":3}},"line":19},"2":{"name":"handleClick","decl":{"start":{"line":22,"column":13},"end":{"line":22,"column":24}},"loc":{"start":{"line":22,"column":27},"end":{"line":25,"column":5}},"line":22},"3":{"name":"(anonymous_3)","decl":{"start":{"line":35,"column":21},"end":{"line":35,"column":22}},"loc":{"start":{"line":35,"column":28},"end":{"line":38,"column":9}},"line":35}},"branchMap":{"0":{"loc":{"start":{"line":17,"column":22},"end":{"line":17,"column":70}},"type":"cond-expr","locations":[{"start":{"line":17,"column":33},"end":{"line":17,"column":55}},{"start":{"line":17,"column":58},"end":{"line":17,"column":70}}],"line":17}},"s":{"0":4,"1":6,"2":6,"3":6,"4":6,"5":8,"6":0,"7":0,"8":8,"9":0,"10":0,"11":4,"12":4},"f":{"0":6,"1":8,"2":0,"3":0},"b":{"0":[5,1]},"_coverageSchema":"43e27e138ebf9cfc5966b082cf9a028302ed4184","hash":"3f893173188fc09578a38ada4feacffc166e943c"}
,"/home/iivanovw7/WEB/work-book/client/src/components/UI/Button.jsx": {"path":"/home/iivanovw7/WEB/work-book/client/src/components/UI/Button.jsx","statementMap":{"0":{"start":{"line":8,"column":21},"end":{"line":39,"column":1}},"1":{"start":{"line":21,"column":25},"end":{"line":21,"column":65}},"2":{"start":{"line":41,"column":15},"end":{"line":58,"column":1}},"3":{"start":{"line":44,"column":6},"end":{"line":44,"column":11}},"4":{"start":{"line":46,"column":2},"end":{"line":57,"column":4}},"5":{"start":{"line":60,"column":0},"end":{"line":62,"column":2}},"6":{"start":{"line":64,"column":0},"end":{"line":66,"column":2}},"7":{"start":{"line":68,"column":0},"end":{"line":74,"column":2}}},"fnMap":{"0":{"name":"(anonymous_0)","decl":{"start":{"line":21,"column":15},"end":{"line":21,"column":16}},"loc":{"start":{"line":21,"column":25},"end":{"line":21,"column":65}},"line":21},"1":{"name":"(anonymous_1)","decl":{"start":{"line":41,"column":15},"end":{"line":41,"column":16}},"loc":{"start":{"line":41,"column":26},"end":{"line":58,"column":1}},"line":41}},"branchMap":{"0":{"loc":{"start":{"line":21,"column":25},"end":{"line":21,"column":65}},"type":"cond-expr","locations":[{"start":{"line":21,"column":42},"end":{"line":21,"column":56}},{"start":{"line":21,"column":59},"end":{"line":21,"column":65}}],"line":21}},"s":{"0":6,"1":10,"2":6,"3":10,"4":10,"5":6,"6":6,"7":6},"f":{"0":10,"1":10},"b":{"0":[8,2]},"_coverageSchema":"43e27e138ebf9cfc5966b082cf9a028302ed4184","hash":"6ac5e2bd0ef5fa4a704f45827417da91d9ceb182"}
,"/home/iivanovw7/WEB/work-book/client/src/components/UI/ButtonTextIcon.jsx": {"path":"/home/iivanovw7/WEB/work-book/client/src/components/UI/ButtonTextIcon.jsx","statementMap":{"0":{"start":{"line":8,"column":25},"end":{"line":51,"column":1}},"1":{"start":{"line":12,"column":22},"end":{"line":12,"column":35}},"2":{"start":{"line":14,"column":28},"end":{"line":14,"column":40}},"3":{"start":{"line":15,"column":29},"end":{"line":15,"column":44}},"4":{"start":{"line":23,"column":24},"end":{"line":23,"column":38}},"5":{"start":{"line":53,"column":23},"end":{"line":78,"column":1}},"6":{"start":{"line":56,"column":6},"end":{"line":56,"column":11}},"7":{"start":{"line":58,"column":2},"end":{"line":77,"column":4}},"8":{"start":{"line":80,"column":0},"end":{"line":82,"column":2}},"9":{"start":{"line":84,"column":0},"end":{"line":86,"column":2}},"10":{"start":{"line":88,"column":0},"end":{"line":98,"column":2}}},"fnMap":{"0":{"name":"(anonymous_0)","decl":{"start":{"line":12,"column":13},"end":{"line":12,"column":14}},"loc":{"start":{"line":12,"column":22},"end":{"line":12,"column":35}},"line":12},"1":{"name":"(anonymous_1)","decl":{"start":{"line":14,"column":19},"end":{"line":14,"column":20}},"loc":{"start":{"line":14,"column":28},"end":{"line":14,"column":40}},"line":14},"2":{"name":"(anonymous_2)","decl":{"start":{"line":15,"column":20},"end":{"line":15,"column":21}},"loc":{"start":{"line":15,"column":29},"end":{"line":15,"column":44}},"line":15},"3":{"name":"(anonymous_3)","decl":{"start":{"line":23,"column":15},"end":{"line":23,"column":16}},"loc":{"start":{"line":23,"column":24},"end":{"line":23,"column":38}},"line":23},"4":{"name":"(anonymous_4)","decl":{"start":{"line":53,"column":23},"end":{"line":53,"column":24}},"loc":{"start":{"line":53,"column":34},"end":{"line":78,"column":1}},"line":53}},"branchMap":{},"s":{"0":2,"1":4,"2":4,"3":4,"4":4,"5":2,"6":4,"7":4,"8":2,"9":2,"10":2},"f":{"0":4,"1":4,"2":4,"3":4,"4":4},"b":{},"_coverageSchema":"43e27e138ebf9cfc5966b082cf9a028302ed4184","hash":"61fa558b5a9d2b04d449fb7005c07bdd10fd4d8d"}
,"/home/iivanovw7/WEB/work-book/client/src/components/UI/Input.jsx": {"path":"/home/iivanovw7/WEB/work-book/client/src/components/UI/Input.jsx","statementMap":{"0":{"start":{"line":7,"column":20},"end":{"line":14,"column":1}},"1":{"start":{"line":16,"column":19},"end":{"line":19,"column":1}},"2":{"start":{"line":21,"column":20},"end":{"line":24,"column":1}},"3":{"start":{"line":26,"column":14},"end":{"line":56,"column":1}},"4":{"start":{"line":27,"column":19},"end":{"line":27,"column":36}},"5":{"start":{"line":30,"column":6},"end":{"line":30,"column":11}},"6":{"start":{"line":32,"column":2},"end":{"line":55,"column":4}},"7":{"start":{"line":38,"column":10},"end":{"line":38,"column":35}},"8":{"start":{"line":58,"column":0},"end":{"line":68,"column":2}}},"fnMap":{"0":{"name":"(anonymous_0)","decl":{"start":{"line":26,"column":14},"end":{"line":26,"column":15}},"loc":{"start":{"line":26,"column":25},"end":{"line":56,"column":1}},"line":26},"1":{"name":"(anonymous_1)","decl":{"start":{"line":37,"column":22},"end":{"line":37,"column":23}},"loc":{"start":{"line":37,"column":28},"end":{"line":39,"column":9}},"line":37}},"branchMap":{},"s":{"0":4,"1":4,"2":4,"3":4,"4":14,"5":14,"6":14,"7":0,"8":4},"f":{"0":14,"1":0},"b":{},"_coverageSchema":"43e27e138ebf9cfc5966b082cf9a028302ed4184","hash":"de630b6e7f7fca4862867f13ce479d7a550c5101"}
,"/home/iivanovw7/WEB/work-book/client/src/components/UI/LIstElement.jsx": {"path":"/home/iivanovw7/WEB/work-book/client/src/components/UI/LIstElement.jsx","statementMap":{"0":{"start":{"line":8,"column":23},"end":{"line":22,"column":1}},"1":{"start":{"line":10,"column":24},"end":{"line":10,"column":38}},"2":{"start":{"line":24,"column":17},"end":{"line":42,"column":1}},"3":{"start":{"line":27,"column":6},"end":{"line":27,"column":11}},"4":{"start":{"line":29,"column":2},"end":{"line":41,"column":4}},"5":{"start":{"line":44,"column":0},"end":{"line":46,"column":2}},"6":{"start":{"line":48,"column":0},"end":{"line":50,"column":2}},"7":{"start":{"line":52,"column":0},"end":{"line":58,"column":2}}},"fnMap":{"0":{"name":"(anonymous_0)","decl":{"start":{"line":10,"column":15},"end":{"line":10,"column":16}},"loc":{"start":{"line":10,"column":24},"end":{"line":10,"column":38}},"line":10},"1":{"name":"(anonymous_1)","decl":{"start":{"line":24,"column":17},"end":{"line":24,"column":18}},"loc":{"start":{"line":24,"column":28},"end":{"line":42,"column":1}},"line":24}},"branchMap":{},"s":{"0":4,"1":18,"2":4,"3":18,"4":18,"5":4,"6":4,"7":4},"f":{"0":18,"1":18},"b":{},"_coverageSchema":"43e27e138ebf9cfc5966b082cf9a028302ed4184","hash":"de4da78a7bc8a3bf3d46f9e2f4cb3a329400edf5"}
,"/home/iivanovw7/WEB/work-book/client/src/components/UI/NavigationLink.jsx": {"path":"/home/iivanovw7/WEB/work-book/client/src/components/UI/NavigationLink.jsx","statementMap":{"0":{"start":{"line":11,"column":24},"end":{"line":11,"column":34}},"1":{"start":{"line":12,"column":23},"end":{"line":71,"column":1}},"2":{"start":{"line":20,"column":22},"end":{"line":20,"column":35}},"3":{"start":{"line":24,"column":28},"end":{"line":24,"column":40}},"4":{"start":{"line":25,"column":29},"end":{"line":25,"column":44}},"5":{"start":{"line":30,"column":24},"end":{"line":30,"column":38}},"6":{"start":{"line":73,"column":23},"end":{"line":99,"column":1}},"7":{"start":{"line":76,"column":6},"end":{"line":76,"column":11}},"8":{"start":{"line":78,"column":2},"end":{"line":98,"column":4}},"9":{"start":{"line":101,"column":0},"end":{"line":103,"column":2}},"10":{"start":{"line":105,"column":0},"end":{"line":107,"column":2}},"11":{"start":{"line":109,"column":0},"end":{"line":120,"column":2}}},"fnMap":{"0":{"name":"(anonymous_0)","decl":{"start":{"line":20,"column":13},"end":{"line":20,"column":14}},"loc":{"start":{"line":20,"column":22},"end":{"line":20,"column":35}},"line":20},"1":{"name":"(anonymous_1)","decl":{"start":{"line":24,"column":19},"end":{"line":24,"column":20}},"loc":{"start":{"line":24,"column":28},"end":{"line":24,"column":40}},"line":24},"2":{"name":"(anonymous_2)","decl":{"start":{"line":25,"column":20},"end":{"line":25,"column":21}},"loc":{"start":{"line":25,"column":29},"end":{"line":25,"column":44}},"line":25},"3":{"name":"(anonymous_3)","decl":{"start":{"line":30,"column":15},"end":{"line":30,"column":16}},"loc":{"start":{"line":30,"column":24},"end":{"line":30,"column":38}},"line":30},"4":{"name":"(anonymous_4)","decl":{"start":{"line":73,"column":23},"end":{"line":73,"column":24}},"loc":{"start":{"line":73,"column":34},"end":{"line":99,"column":1}},"line":73}},"branchMap":{},"s":{"0":2,"1":2,"2":4,"3":4,"4":4,"5":4,"6":2,"7":4,"8":4,"9":2,"10":2,"11":2},"f":{"0":4,"1":4,"2":4,"3":4,"4":4},"b":{},"_coverageSchema":"43e27e138ebf9cfc5966b082cf9a028302ed4184","hash":"8186cde5c222d8da3a8271842aecb9b2c7cdd81a"}
,"/home/iivanovw7/WEB/work-book/client/src/components/UI/Number.jsx": {"path":"/home/iivanovw7/WEB/work-book/client/src/components/UI/Number.jsx","statementMap":{"0":{"start":{"line":7,"column":24},"end":{"line":12,"column":1}},"1":{"start":{"line":14,"column":21},"end":{"line":24,"column":1}},"2":{"start":{"line":26,"column":15},"end":{"line":42,"column":1}},"3":{"start":{"line":29,"column":6},"end":{"line":29,"column":11}},"4":{"start":{"line":31,"column":2},"end":{"line":41,"column":4}},"5":{"start":{"line":44,"column":0},"end":{"line":46,"column":2}},"6":{"start":{"line":48,"column":0},"end":{"line":50,"column":2}},"7":{"start":{"line":52,"column":0},"end":{"line":57,"column":2}}},"fnMap":{"0":{"name":"(anonymous_0)","decl":{"start":{"line":26,"column":15},"end":{"line":26,"column":16}},"loc":{"start":{"line":26,"column":26},"end":{"line":42,"column":1}},"line":26}},"branchMap":{},"s":{"0":6,"1":6,"2":6,"3":9,"4":9,"5":6,"6":6,"7":6},"f":{"0":9},"b":{},"_coverageSchema":"43e27e138ebf9cfc5966b082cf9a028302ed4184","hash":"2966c8d2a7f211c50088dea239b92cf3c43b6a48"}
,"/home/iivanovw7/WEB/work-book/client/src/components/UI/Spinner.jsx": {"path":"/home/iivanovw7/WEB/work-book/client/src/components/UI/Spinner.jsx","statementMap":{"0":{"start":{"line":8,"column":22},"end":{"line":20,"column":1}},"1":{"start":{"line":17,"column":23},"end":{"line":17,"column":35}},"2":{"start":{"line":18,"column":24},"end":{"line":18,"column":37}},"3":{"start":{"line":22,"column":22},"end":{"line":31,"column":1}},"4":{"start":{"line":33,"column":16},"end":{"line":43,"column":1}},"5":{"start":{"line":34,"column":37},"end":{"line":34,"column":42}},"6":{"start":{"line":36,"column":2},"end":{"line":42,"column":4}},"7":{"start":{"line":47,"column":0},"end":{"line":49,"column":2}},"8":{"start":{"line":51,"column":0},"end":{"line":55,"column":2}},"9":{"start":{"line":57,"column":0},"end":{"line":61,"column":2}}},"fnMap":{"0":{"name":"(anonymous_0)","decl":{"start":{"line":17,"column":14},"end":{"line":17,"column":15}},"loc":{"start":{"line":17,"column":23},"end":{"line":17,"column":35}},"line":17},"1":{"name":"(anonymous_1)","decl":{"start":{"line":18,"column":15},"end":{"line":18,"column":16}},"loc":{"start":{"line":18,"column":24},"end":{"line":18,"column":37}},"line":18},"2":{"name":"(anonymous_2)","decl":{"start":{"line":33,"column":16},"end":{"line":33,"column":17}},"loc":{"start":{"line":33,"column":27},"end":{"line":43,"column":1}},"line":33}},"branchMap":{},"s":{"0":11,"1":43,"2":43,"3":11,"4":11,"5":43,"6":43,"7":11,"8":11,"9":11},"f":{"0":43,"1":43,"2":43},"b":{},"_coverageSchema":"43e27e138ebf9cfc5966b082cf9a028302ed4184","hash":"4434b180f018da540c333951c82aba88a977cd03"}
,"/home/iivanovw7/WEB/work-book/client/src/components/UI/SvgButton.jsx": {"path":"/home/iivanovw7/WEB/work-book/client/src/components/UI/SvgButton.jsx","statementMap":{"0":{"start":{"line":8,"column":25},"end":{"line":36,"column":1}},"1":{"start":{"line":38,"column":18},"end":{"line":50,"column":1}},"2":{"start":{"line":41,"column":6},"end":{"line":41,"column":11}},"3":{"start":{"line":43,"column":2},"end":{"line":49,"column":4}},"4":{"start":{"line":52,"column":0},"end":{"line":54,"column":2}},"5":{"start":{"line":56,"column":0},"end":{"line":58,"column":2}},"6":{"start":{"line":60,"column":0},"end":{"line":67,"column":2}}},"fnMap":{"0":{"name":"(anonymous_0)","decl":{"start":{"line":38,"column":18},"end":{"line":38,"column":19}},"loc":{"start":{"line":38,"column":29},"end":{"line":50,"column":1}},"line":38}},"branchMap":{},"s":{"0":2,"1":2,"2":4,"3":4,"4":2,"5":2,"6":2},"f":{"0":4},"b":{},"_coverageSchema":"43e27e138ebf9cfc5966b082cf9a028302ed4184","hash":"3c9e5cb975160de97a7feb88c3f57e6e67ae9322"}
,"/home/iivanovw7/WEB/work-book/client/src/components/UI/Switch.jsx": {"path":"/home/iivanovw7/WEB/work-book/client/src/components/UI/Switch.jsx","statementMap":{"0":{"start":{"line":11,"column":23},"end":{"line":22,"column":1}},"1":{"start":{"line":24,"column":16},"end":{"line":31,"column":1}},"2":{"start":{"line":33,"column":15},"end":{"line":68,"column":1}},"3":{"start":{"line":70,"column":25},"end":{"line":83,"column":1}},"4":{"start":{"line":72,"column":25},"end":{"line":72,"column":61}},"5":{"start":{"line":75,"column":22},"end":{"line":75,"column":44}},"6":{"start":{"line":79,"column":37},"end":{"line":79,"column":46}},"7":{"start":{"line":85,"column":15},"end":{"line":104,"column":1}},"8":{"start":{"line":88,"column":6},"end":{"line":88,"column":11}},"9":{"start":{"line":90,"column":2},"end":{"line":103,"column":4}},"10":{"start":{"line":106,"column":0},"end":{"line":111,"column":2}}},"fnMap":{"0":{"name":"(anonymous_0)","decl":{"start":{"line":72,"column":15},"end":{"line":72,"column":16}},"loc":{"start":{"line":72,"column":25},"end":{"line":72,"column":61}},"line":72},"1":{"name":"(anonymous_1)","decl":{"start":{"line":75,"column":12},"end":{"line":75,"column":13}},"loc":{"start":{"line":75,"column":22},"end":{"line":75,"column":44}},"line":75},"2":{"name":"(anonymous_2)","decl":{"start":{"line":79,"column":28},"end":{"line":79,"column":29}},"loc":{"start":{"line":79,"column":37},"end":{"line":79,"column":46}},"line":79},"3":{"name":"(anonymous_3)","decl":{"start":{"line":85,"column":15},"end":{"line":85,"column":16}},"loc":{"start":{"line":85,"column":26},"end":{"line":104,"column":1}},"line":85}},"branchMap":{"0":{"loc":{"start":{"line":72,"column":25},"end":{"line":72,"column":61}},"type":"cond-expr","locations":[{"start":{"line":72,"column":45},"end":{"line":72,"column":52}},{"start":{"line":72,"column":55},"end":{"line":72,"column":61}}],"line":72},"1":{"loc":{"start":{"line":75,"column":22},"end":{"line":75,"column":44}},"type":"cond-expr","locations":[{"start":{"line":75,"column":38},"end":{"line":75,"column":39}},{"start":{"line":75,"column":42},"end":{"line":75,"column":44}}],"line":75},"2":{"loc":{"start":{"line":98,"column":15},"end":{"line":98,"column":47}},"type":"cond-expr","locations":[{"start":{"line":98,"column":25},"end":{"line":98,"column":34}},{"start":{"line":98,"column":37},"end":{"line":98,"column":47}}],"line":98}},"s":{"0":2,"1":2,"2":2,"3":2,"4":3,"5":3,"6":3,"7":2,"8":3,"9":3,"10":2},"f":{"0":3,"1":3,"2":3,"3":3},"b":{"0":[3,0],"1":[3,0],"2":[3,0]},"_coverageSchema":"43e27e138ebf9cfc5966b082cf9a028302ed4184","hash":"89d42070dac8c89e7c18f2617a8aa75142c3214b"}
,"/home/iivanovw7/WEB/work-book/client/src/components/UI/TagButton.jsx": {"path":"/home/iivanovw7/WEB/work-book/client/src/components/UI/TagButton.jsx","statementMap":{"0":{"start":{"line":7,"column":22},"end":{"line":14,"column":1}},"1":{"start":{"line":16,"column":15},"end":{"line":44,"column":1}},"2":{"start":{"line":23,"column":22},"end":{"line":23,"column":59}},"3":{"start":{"line":24,"column":31},"end":{"line":24,"column":44}},"4":{"start":{"line":25,"column":20},"end":{"line":25,"column":35}},"5":{"start":{"line":46,"column":18},"end":{"line":67,"column":1}},"6":{"start":{"line":49,"column":6},"end":{"line":49,"column":11}},"7":{"start":{"line":51,"column":2},"end":{"line":66,"column":4}},"8":{"start":{"line":69,"column":0},"end":{"line":77,"column":2}}},"fnMap":{"0":{"name":"(anonymous_0)","decl":{"start":{"line":23,"column":12},"end":{"line":23,"column":13}},"loc":{"start":{"line":23,"column":22},"end":{"line":23,"column":59}},"line":23},"1":{"name":"(anonymous_1)","decl":{"start":{"line":24,"column":22},"end":{"line":24,"column":23}},"loc":{"start":{"line":24,"column":31},"end":{"line":24,"column":44}},"line":24},"2":{"name":"(anonymous_2)","decl":{"start":{"line":25,"column":11},"end":{"line":25,"column":12}},"loc":{"start":{"line":25,"column":20},"end":{"line":25,"column":35}},"line":25},"3":{"name":"(anonymous_3)","decl":{"start":{"line":46,"column":18},"end":{"line":46,"column":19}},"loc":{"start":{"line":46,"column":29},"end":{"line":67,"column":1}},"line":46}},"branchMap":{"0":{"loc":{"start":{"line":23,"column":22},"end":{"line":23,"column":59}},"type":"cond-expr","locations":[{"start":{"line":23,"column":37},"end":{"line":23,"column":49}},{"start":{"line":23,"column":52},"end":{"line":23,"column":59}}],"line":23}},"s":{"0":5,"1":5,"2":11,"3":11,"4":11,"5":5,"6":11,"7":11,"8":5},"f":{"0":11,"1":11,"2":11,"3":11},"b":{"0":[4,7]},"_coverageSchema":"43e27e138ebf9cfc5966b082cf9a028302ed4184","hash":"0d684446206a9756f55cf031fa0b8f54bd7726bc"}
,"/home/iivanovw7/WEB/work-book/client/src/components/UI/TextArea.jsx": {"path":"/home/iivanovw7/WEB/work-book/client/src/components/UI/TextArea.jsx","statementMap":{"0":{"start":{"line":7,"column":20},"end":{"line":15,"column":1}},"1":{"start":{"line":17,"column":19},"end":{"line":19,"column":1}},"2":{"start":{"line":21,"column":20},"end":{"line":24,"column":1}},"3":{"start":{"line":26,"column":17},"end":{"line":47,"column":1}},"4":{"start":{"line":27,"column":19},"end":{"line":27,"column":36}},"5":{"start":{"line":30,"column":6},"end":{"line":30,"column":11}},"6":{"start":{"line":32,"column":2},"end":{"line":46,"column":4}},"7":{"start":{"line":38,"column":8},"end":{"line":38,"column":33}},"8":{"start":{"line":49,"column":0},"end":{"line":55,"column":2}}},"fnMap":{"0":{"name":"(anonymous_0)","decl":{"start":{"line":26,"column":17},"end":{"line":26,"column":18}},"loc":{"start":{"line":26,"column":28},"end":{"line":47,"column":1}},"line":26},"1":{"name":"(anonymous_1)","decl":{"start":{"line":37,"column":20},"end":{"line":37,"column":21}},"loc":{"start":{"line":37,"column":26},"end":{"line":39,"column":7}},"line":37}},"branchMap":{},"s":{"0":4,"1":4,"2":4,"3":4,"4":6,"5":6,"6":6,"7":0,"8":4},"f":{"0":6,"1":0},"b":{},"_coverageSchema":"43e27e138ebf9cfc5966b082cf9a028302ed4184","hash":"2f3cc7176cf3d0b729fd5723a4e438f66d046f0f"}
,"/home/iivanovw7/WEB/work-book/client/src/components/UI/TextLink.jsx": {"path":"/home/iivanovw7/WEB/work-book/client/src/components/UI/TextLink.jsx","statementMap":{"0":{"start":{"line":7,"column":23},"end":{"line":23,"column":1}},"1":{"start":{"line":25,"column":17},"end":{"line":37,"column":1}},"2":{"start":{"line":28,"column":6},"end":{"line":28,"column":11}},"3":{"start":{"line":30,"column":2},"end":{"line":36,"column":4}},"4":{"start":{"line":39,"column":0},"end":{"line":41,"column":2}},"5":{"start":{"line":43,"column":0},"end":{"line":45,"column":2}},"6":{"start":{"line":47,"column":0},"end":{"line":53,"column":2}}},"fnMap":{"0":{"name":"(anonymous_0)","decl":{"start":{"line":25,"column":17},"end":{"line":25,"column":18}},"loc":{"start":{"line":25,"column":28},"end":{"line":37,"column":1}},"line":25}},"branchMap":{},"s":{"0":7,"1":7,"2":11,"3":11,"4":7,"5":7,"6":7},"f":{"0":11},"b":{},"_coverageSchema":"43e27e138ebf9cfc5966b082cf9a028302ed4184","hash":"ad5531383206294457f378e7db60828df5a6cf35"}
,"/home/iivanovw7/WEB/work-book/client/src/components/User/UserView.jsx": {"path":"/home/iivanovw7/WEB/work-book/client/src/components/User/UserView.jsx","statementMap":{"0":{"start":{"line":13,"column":22},"end":{"line":18,"column":1}},"1":{"start":{"line":19,"column":24},"end":{"line":23,"column":1}},"2":{"start":{"line":25,"column":30},"end":{"line":34,"column":1}},"3":{"start":{"line":36,"column":17},"end":{"line":79,"column":1}},"4":{"start":{"line":39,"column":6},"end":{"line":39,"column":11}},"5":{"start":{"line":40,"column":2},"end":{"line":40,"column":36}},"6":{"start":{"line":41,"column":15},"end":{"line":41,"column":27}},"7":{"start":{"line":42,"column":24},"end":{"line":46,"column":3}},"8":{"start":{"line":49,"column":4},"end":{"line":49,"column":22}},"9":{"start":{"line":52,"column":2},"end":{"line":78,"column":4}},"10":{"start":{"line":73,"column":12},"end":{"line":73,"column":26}},"11":{"start":{"line":83,"column":0},"end":{"line":89,"column":2}}},"fnMap":{"0":{"name":"(anonymous_0)","decl":{"start":{"line":36,"column":17},"end":{"line":36,"column":18}},"loc":{"start":{"line":36,"column":28},"end":{"line":79,"column":1}},"line":36},"1":{"name":"handleClick","decl":{"start":{"line":48,"column":11},"end":{"line":48,"column":22}},"loc":{"start":{"line":48,"column":25},"end":{"line":50,"column":3}},"line":48},"2":{"name":"(anonymous_2)","decl":{"start":{"line":72,"column":23},"end":{"line":72,"column":24}},"loc":{"start":{"line":72,"column":29},"end":{"line":74,"column":11}},"line":72}},"branchMap":{},"s":{"0":3,"1":3,"2":3,"3":3,"4":4,"5":4,"6":4,"7":4,"8":0,"9":4,"10":0,"11":3},"f":{"0":4,"1":0,"2":0},"b":{},"_coverageSchema":"43e27e138ebf9cfc5966b082cf9a028302ed4184","hash":"0c4ba9ecb14c1ebb320d0f41032be8be56e4b0c2"}
,"/home/iivanovw7/WEB/work-book/client/src/components/User/UserViewElement.jsx": {"path":"/home/iivanovw7/WEB/work-book/client/src/components/User/UserViewElement.jsx","statementMap":{"0":{"start":{"line":4,"column":20},"end":{"line":16,"column":1}},"1":{"start":{"line":5,"column":27},"end":{"line":5,"column":32}},"2":{"start":{"line":7,"column":2},"end":{"line":15,"column":4}},"3":{"start":{"line":20,"column":0},"end":{"line":23,"column":2}}},"fnMap":{"0":{"name":"(anonymous_0)","decl":{"start":{"line":4,"column":20},"end":{"line":4,"column":21}},"loc":{"start":{"line":4,"column":31},"end":{"line":16,"column":1}},"line":4}},"branchMap":{},"s":{"0":4,"1":27,"2":27,"3":4},"f":{"0":27},"b":{},"_coverageSchema":"43e27e138ebf9cfc5966b082cf9a028302ed4184","hash":"b50bc54b95c97d7a121589bfbcf85763bf8ca27b"}
,"/home/iivanovw7/WEB/work-book/client/src/config/apolloClient.js": {"path":"/home/iivanovw7/WEB/work-book/client/src/config/apolloClient.js","statementMap":{"0":{"start":{"line":8,"column":22},"end":{"line":22,"column":2}},"1":{"start":{"line":15,"column":18},"end":{"line":15,"column":64}},"2":{"start":{"line":16,"column":4},"end":{"line":20,"column":7}}},"fnMap":{"0":{"name":"(anonymous_0)","decl":{"start":{"line":14,"column":11},"end":{"line":14,"column":12}},"loc":{"start":{"line":14,"column":32},"end":{"line":21,"column":3}},"line":14}},"branchMap":{},"s":{"0":35,"1":0,"2":0},"f":{"0":0},"b":{},"_coverageSchema":"43e27e138ebf9cfc5966b082cf9a028302ed4184","hash":"6c244759e00a3cb0f2251f76dba462707c347dd0"}
,"/home/iivanovw7/WEB/work-book/client/src/config/colorSheme.js": {"path":"/home/iivanovw7/WEB/work-book/client/src/config/colorSheme.js","statementMap":{"0":{"start":{"line":1,"column":27},"end":{"line":35,"column":1}}},"fnMap":{},"branchMap":{},"s":{"0":35},"f":{},"b":{},"_coverageSchema":"43e27e138ebf9cfc5966b082cf9a028302ed4184","hash":"dd8754b82b10020bd1ea000db2d669e24afe84c8"}
,"/home/iivanovw7/WEB/work-book/client/src/config/gridConfig.js": {"path":"/home/iivanovw7/WEB/work-book/client/src/config/gridConfig.js","statementMap":{"0":{"start":{"line":1,"column":26},"end":{"line":23,"column":1}},"1":{"start":{"line":26,"column":24},"end":{"line":26,"column":53}}},"fnMap":{},"branchMap":{},"s":{"0":35,"1":35},"f":{},"b":{},"_coverageSchema":"43e27e138ebf9cfc5966b082cf9a028302ed4184","hash":"17d6f7d31a5e64b13803209fd66a6710da9f5df2"}
,"/home/iivanovw7/WEB/work-book/client/src/config/index.js": {"path":"/home/iivanovw7/WEB/work-book/client/src/config/index.js","statementMap":{},"fnMap":{},"branchMap":{},"s":{},"f":{},"b":{},"_coverageSchema":"43e27e138ebf9cfc5966b082cf9a028302ed4184","hash":"53ceecd1afbac9ada63727703f31ecb2d4101963"}
,"/home/iivanovw7/WEB/work-book/client/src/config/readingSpeed.js": {"path":"/home/iivanovw7/WEB/work-book/client/src/config/readingSpeed.js","statementMap":{"0":{"start":{"line":1,"column":32},"end":{"line":1,"column":35}}},"fnMap":{},"branchMap":{},"s":{"0":35},"f":{},"b":{},"_coverageSchema":"43e27e138ebf9cfc5966b082cf9a028302ed4184","hash":"824b8152bc3b05034c4da4a223db853da67b809c"}
,"/home/iivanovw7/WEB/work-book/client/src/config/settings.js": {"path":"/home/iivanovw7/WEB/work-book/client/src/config/settings.js","statementMap":{"0":{"start":{"line":1,"column":17},"end":{"line":9,"column":1}},"1":{"start":{"line":18,"column":0},"end":{"line":30,"column":21}},"2":{"start":{"line":19,"column":17},"end":{"line":19,"column":19}},"3":{"start":{"line":21,"column":2},"end":{"line":23,"column":3}},"4":{"start":{"line":22,"column":4},"end":{"line":22,"column":28}},"5":{"start":{"line":24,"column":2},"end":{"line":26,"column":3}},"6":{"start":{"line":25,"column":4},"end":{"line":25,"column":30}},"7":{"start":{"line":28,"column":2},"end":{"line":28,"column":32}}},"fnMap":{"0":{"name":"merge","decl":{"start":{"line":18,"column":10},"end":{"line":18,"column":15}},"loc":{"start":{"line":18,"column":30},"end":{"line":30,"column":1}},"line":18}},"branchMap":{"0":{"loc":{"start":{"line":21,"column":2},"end":{"line":23,"column":3}},"type":"if","locations":[{"start":{"line":21,"column":2},"end":{"line":23,"column":3}},{"start":{"line":21,"column":2},"end":{"line":23,"column":3}}],"line":21},"1":{"loc":{"start":{"line":24,"column":2},"end":{"line":26,"column":3}},"type":"if","locations":[{"start":{"line":24,"column":2},"end":{"line":26,"column":3}},{"start":{"line":24,"column":2},"end":{"line":26,"column":3}}],"line":24}},"s":{"0":35,"1":35,"2":35,"3":35,"4":35,"5":35,"6":0,"7":35},"f":{"0":35},"b":{"0":[35,0],"1":[0,35]},"_coverageSchema":"43e27e138ebf9cfc5966b082cf9a028302ed4184","hash":"3e53bea74fa23ad3324228f4684913ec30fc2244"}
[...]
:{"start":{"line":158,"column":9},"end":{"line":158,"column":24}},"line":158},"24":{"name":"(anonymous_24)","decl":{"start":{"line":159,"column":4},"end":{"line":159,"column":5}},"loc":{"start":{"line":159,"column":9},"end":{"line":159,"column":38}},"line":159},"25":{"name":"(anonymous_25)","decl":{"start":{"line":172,"column":25},"end":{"line":172,"column":26}},"loc":{"start":{"line":172,"column":32},"end":{"line":181,"column":2}},"line":172},"26":{"name":"(anonymous_26)","decl":{"start":{"line":173,"column":2},"end":{"line":173,"column":3}},"loc":{"start":{"line":173,"column":33},"end":{"line":180,"column":3}},"line":173}},"branchMap":{"0":{"loc":{"start":{"line":9,"column":27},"end":{"line":9,"column":50}},"type":"default-arg","locations":[{"start":{"line":9,"column":37},"end":{"line":9,"column":50}}],"line":9},"1":{"loc":{"start":{"line":31,"column":4},"end":{"line":33,"column":5}},"type":"if","locations":[{"start":{"line":31,"column":4},"end":{"line":33,"column":5}},{"start":{"line":31,"column":4},"end":{"line":33,"column":5}}],"line":31},"2":{"loc":{"start":{"line":41,"column":19},"end":{"line":41,"column":110}},"type":"binary-expr","locations":[{"start":{"line":41,"column":19},"end":{"line":41,"column":48}},{"start":{"line":41,"column":52},"end":{"line":41,"column":81}},{"start":{"line":41,"column":85},"end":{"line":41,"column":110}}],"line":41},"3":{"loc":{"start":{"line":47,"column":24},"end":{"line":47,"column":69}},"type":"cond-expr","locations":[{"start":{"line":47,"column":56},"end":{"line":47,"column":61}},{"start":{"line":47,"column":64},"end":{"line":47,"column":69}}],"line":47},"4":{"loc":{"start":{"line":50,"column":33},"end":{"line":52,"column":11}},"type":"cond-expr","locations":[{"start":{"line":51,"column":6},"end":{"line":51,"column":20}},{"start":{"line":52,"column":6},"end":{"line":52,"column":11}}],"line":50},"5":{"loc":{"start":{"line":54,"column":9},"end":{"line":54,"column":78}},"type":"cond-expr","locations":[{"start":{"line":54,"column":40},"end":{"line":54,"column":53}},{"start":{"line":54,"column":56},"end":{"line":54,"column":78}}],"line":54},"6":{"loc":{"start":{"line":68,"column":22},"end":{"line":70,"column":49}},"type":"cond-expr","locations":[{"start":{"line":69,"column":6},"end":{"line":69,"column":12}},{"start":{"line":70,"column":6},"end":{"line":70,"column":49}}],"line":68},"7":{"loc":{"start":{"line":68,"column":23},"end":{"line":68,"column":67}},"type":"binary-expr","locations":[{"start":{"line":68,"column":23},"end":{"line":68,"column":44}},{"start":{"line":68,"column":48},"end":{"line":68,"column":67}}],"line":68},"8":{"loc":{"start":{"line":72,"column":21},"end":{"line":72,"column":109}},"type":"cond-expr","locations":[{"start":{"line":72,"column":63},"end":{"line":72,"column":64}},{"start":{"line":72,"column":67},"end":{"line":72,"column":109}}],"line":72},"9":{"loc":{"start":{"line":72,"column":22},"end":{"line":72,"column":59}},"type":"binary-expr","locations":[{"start":{"line":72,"column":22},"end":{"line":72,"column":38}},{"start":{"line":72,"column":42},"end":{"line":72,"column":59}}],"line":72},"10":{"loc":{"start":{"line":72,"column":73},"end":{"line":72,"column":108}},"type":"cond-expr","locations":[{"start":{"line":72,"column":93},"end":{"line":72,"column":104}},{"start":{"line":72,"column":107},"end":{"line":72,"column":108}}],"line":72},"11":{"loc":{"start":{"line":81,"column":37},"end":{"line":81,"column":48}},"type":"default-arg","locations":[{"start":{"line":81,"column":47},"end":{"line":81,"column":48}}],"line":81},"12":{"loc":{"start":{"line":81,"column":50},"end":{"line":81,"column":64}},"type":"default-arg","locations":[{"start":{"line":81,"column":59},"end":{"line":81,"column":64}}],"line":81},"13":{"loc":{"start":{"line":83,"column":2},"end":{"line":85,"column":3}},"type":"if","locations":[{"start":{"line":83,"column":2},"end":{"line":85,"column":3}},{"start":{"line":83,"column":2},"end":{"line":85,"column":3}}],"line":83},"14":{"loc":{"start":{"line":108,"column":37},"end":{"line":108,"column":47}},"type":"default-arg","locations":[{"start":{"line":108,"column":46},"end":{"line":108,"column":47}}],"line":108},"15":{"loc":{"start":{"line":108,"column":49},"end":{"line":108,"column":63}},"type":"default-arg","locations":[{"start":{"line":108,"column":58},"end":{"line":108,"column":63}}],"line":108},"16":{"loc":{"start":{"line":124,"column":10},"end":{"line":124,"column":55}},"type":"binary-expr","locations":[{"start":{"line":124,"column":11},"end":{"line":124,"column":24}},{"start":{"line":124,"column":28},"end":{"line":124,"column":38}},{"start":{"line":124,"column":43},"end":{"line":124,"column":55}}],"line":124},"17":{"loc":{"start":{"line":128,"column":9},"end":{"line":128,"column":45}},"type":"cond-expr","locations":[{"start":{"line":128,"column":38},"end":{"line":128,"column":41}},{"start":{"line":128,"column":44},"end":{"line":128,"column":45}}],"line":128},"18":{"loc":{"start":{"line":138,"column":50},"end":{"line":138,"column":75}},"type":"default-arg","locations":[{"start":{"line":138,"column":60},"end":{"line":138,"column":75}}],"line":138},"19":{"loc":{"start":{"line":139,"column":2},"end":{"line":145,"column":3}},"type":"if","locations":[{"start":{"line":139,"column":2},"end":{"line":145,"column":3}},{"start":{"line":139,"column":2},"end":{"line":145,"column":3}}],"line":139},"20":{"loc":{"start":{"line":139,"column":6},"end":{"line":139,"column":37}},"type":"binary-expr","locations":[{"start":{"line":139,"column":6},"end":{"line":139,"column":28}},{"start":{"line":139,"column":32},"end":{"line":139,"column":37}}],"line":139},"21":{"loc":{"start":{"line":147,"column":2},"end":{"line":153,"column":3}},"type":"if","locations":[{"start":{"line":147,"column":2},"end":{"line":153,"column":3}},{"start":{"line":147,"column":2},"end":{"line":153,"column":3}}],"line":147},"22":{"loc":{"start":{"line":157,"column":10},"end":{"line":157,"column":63}},"type":"cond-expr","locations":[{"start":{"line":157,"column":51},"end":{"line":157,"column":59}},{"start":{"line":157,"column":62},"end":{"line":157,"column":63}}],"line":157}},"s":{"0":12,"1":5,"2":12,"3":1,"4":12,"5":0,"6":0,"7":0,"8":12,"9":1,"10":4,"11":4,"12":12,"13":11,"14":24,"15":10,"16":10,"17":20,"18":9,"19":10,"20":0,"21":0,"22":0,"23":0,"24":0,"25":7,"26":7,"27":7,"28":7,"29":12,"30":12,"31":10,"32":2,"33":12,"34":8,"35":8,"36":24,"37":8,"38":8,"39":0,"40":16,"41":15,"42":7,"43":7,"44":8,"45":0,"46":0,"47":8,"48":8,"49":8,"50":8,"51":8,"52":8,"53":12,"54":0,"55":0,"56":0},"f":{"0":5,"1":1,"2":0,"3":0,"4":0,"5":1,"6":4,"7":11,"8":24,"9":10,"10":20,"11":0,"12":7,"13":12,"14":8,"15":8,"16":24,"17":8,"18":0,"19":16,"20":15,"21":8,"22":8,"23":8,"24":8,"25":0,"26":0},"b":{"0":[0],"1":[9,11],"2":[0,0,0],"3":[0,0],"4":[0,0],"5":[0,0],"6":[7,0],"7":[7,0],"8":[0,7],"9":[7,3],"10":[5,2],"11":[0],"12":[0],"13":[10,2],"14":[0],"15":[0],"16":[0,0,0],"17":[12,4],"18":[0],"19":[7,8],"20":[15,9],"21":[0,8],"22":[7,1]},"_coverageSchema":"43e27e138ebf9cfc5966b082cf9a028302ed4184","hash":"d7443574947384e6c350192feaa9252c032a0b15"}
,"/home/iivanovw7/WEB/work-book/client/src/utils/hooks.jsx": {"path":"/home/iivanovw7/WEB/work-book/client/src/utils/hooks.jsx","statementMap":{"0":{"start":{"line":3,"column":24},"end":{"line":17,"column":1}},"1":{"start":{"line":4,"column":28},"end":{"line":4,"column":50}},"2":{"start":{"line":6,"column":2},"end":{"line":16,"column":4}},"3":{"start":{"line":9,"column":17},"end":{"line":9,"column":29}},"4":{"start":{"line":13,"column":8},"end":{"line":13,"column":37}},"5":{"start":{"line":27,"column":32},"end":{"line":45,"column":1}},"6":{"start":{"line":28,"column":23},"end":{"line":28,"column":33}},"7":{"start":{"line":30,"column":2},"end":{"line":32,"column":16}},"8":{"start":{"line":31,"column":4},"end":{"line":31,"column":35}},"9":{"start":{"line":34,"column":2},"end":{"line":44,"column":27}},"10":{"start":{"line":36,"column":4},"end":{"line":36,"column":55}},"11":{"start":{"line":36,"column":48},"end":{"line":36,"column":55}},"12":{"start":{"line":38,"column":26},"end":{"line":38,"column":62}},"13":{"start":{"line":38,"column":35},"end":{"line":38,"column":62}},"14":{"start":{"line":39,"column":4},"end":{"line":39,"column":55}},"15":{"start":{"line":41,"column":4},"end":{"line":43,"column":6}},"16":{"start":{"line":42,"column":6},"end":{"line":42,"column":60}},"17":{"start":{"line":50,"column":46},"end":{"line":50,"column":61}},"18":{"start":{"line":52,"column":2},"end":{"line":70,"column":4}},"19":{"start":{"line":55,"column":22},"end":{"line":57,"column":15}},"20":{"start":{"line":56,"column":8},"end":{"line":56,"column":33}},"21":{"start":{"line":63,"column":6},"end":{"line":65,"column":8}},"22":{"start":{"line":64,"column":8},"end":{"line":64,"column":30}},"23":{"start":{"line":72,"column":2},"end":{"line":72,"column":24}}},"fnMap":{"0":{"name":"(anonymous_0)","decl":{"start":{"line":3,"column":24},"end":{"line":3,"column":25}},"loc":{"start":{"line":3,"column":42},"end":{"line":17,"column":1}},"line":3},"1":{"name":"(anonymous_1)","decl":{"start":{"line":9,"column":11},"end":{"line":9,"column":12}},"loc":{"start":{"line":9,"column":17},"end":{"line":9,"column":29}},"line":9},"2":{"name":"(anonymous_2)","decl":{"start":{"line":12,"column":16},"end":{"line":12,"column":17}},"loc":{"start":{"line":12,"column":27},"end":{"line":14,"column":7}},"line":12},"3":{"name":"(anonymous_3)","decl":{"start":{"line":27,"column":32},"end":{"line":27,"column":33}},"loc":{"start":{"line":27,"column":74},"end":{"line":45,"column":1}},"line":27},"4":{"name":"(anonymous_4)","decl":{"start":{"line":30,"column":12},"end":{"line":30,"column":13}},"loc":{"start":{"line":30,"column":18},"end":{"line":32,"column":3}},"line":30},"5":{"name":"(anonymous_5)","decl":{"start":{"line":34,"column":12},"end":{"line":34,"column":13}},"loc":{"start":{"line":34,"column":18},"end":{"line":44,"column":3}},"line":34},"6":{"name":"(anonymous_6)","decl":{"start":{"line":38,"column":26},"end":{"line":38,"column":27}},"loc":{"start":{"line":38,"column":35},"end":{"line":38,"column":62}},"line":38},"7":{"name":"(anonymous_7)","decl":{"start":{"line":41,"column":11},"end":{"line":41,"column":12}},"loc":{"start":{"line":41,"column":17},"end":{"line":43,"column":5}},"line":41},"8":{"name":"useDebounce","decl":{"start":{"line":48,"column":16},"end":{"line":48,"column":27}},"loc":{"start":{"line":48,"column":42},"end":{"line":73,"column":1}},"line":48},"9":{"name":"(anonymous_9)","decl":{"start":{"line":53,"column":4},"end":{"line":53,"column":5}},"loc":{"start":{"line":53,"column":10},"end":{"line":66,"column":5}},"line":53},"10":{"name":"(anonymous_10)","decl":{"start":{"line":55,"column":33},"end":{"line":55,"column":34}},"loc":{"start":{"line":55,"column":39},"end":{"line":57,"column":7}},"line":55},"11":{"name":"(anonymous_11)","decl":{"start":{"line":63,"column":13},"end":{"line":63,"column":14}},"loc":{"start":{"line":63,"column":19},"end":{"line":65,"column":7}},"line":63}},"branchMap":{"0":{"loc":{"start":{"line":27,"column":53},"end":{"line":27,"column":69}},"type":"default-arg","locations":[{"start":{"line":27,"column":63},"end":{"line":27,"column":69}}],"line":27},"1":{"loc":{"start":{"line":36,"column":4},"end":{"line":36,"column":55}},"type":"if","locations":[{"start":{"line":36,"column":4},"end":{"line":36,"column":55}},{"start":{"line":36,"column":4},"end":{"line":36,"column":55}}],"line":36},"2":{"loc":{"start":{"line":36,"column":10},"end":{"line":36,"column":45}},"type":"binary-expr","locations":[{"start":{"line":36,"column":10},"end":{"line":36,"column":17}},{"start":{"line":36,"column":21},"end":{"line":36,"column":45}}],"line":36}},"s":{"0":14,"1":16,"2":16,"3":0,"4":0,"5":14,"6":2,"7":2,"8":1,"9":2,"10":1,"11":0,"12":1,"13":0,"14":1,"15":1,"16":0,"17":0,"18":0,"19":0,"20":0,"21":0,"22":0,"23":0},"f":{"0":16,"1":0,"2":0,"3":2,"4":1,"5":1,"6":0,"7":0,"8":0,"9":0,"10":0,"11":0},"b":{"0":[0],"1":[0,1],"2":[1,1]},"_coverageSchema":"43e27e138ebf9cfc5966b082cf9a028302ed4184","hash":"1527a01e0488597be5224a117e4188ff11f57b55"}
,"/home/iivanovw7/WEB/work-book/client/src/utils/index.js": {"path":"/home/iivanovw7/WEB/work-book/client/src/utils/index.js","statementMap":{},"fnMap":{},"branchMap":{},"s":{},"f":{},"b":{},"_coverageSchema":"43e27e138ebf9cfc5966b082cf9a028302ed4184","hash":"0f3752c7e995cc3298164a4b8ca1230d6a86d38a"}
,"/home/iivanovw7/WEB/work-book/client/src/utils/inputValidation.js": {"path":"/home/iivanovw7/WEB/work-book/client/src/utils/inputValidation.js","statementMap":{"0":{"start":{"line":1,"column":23},"end":{"line":1,"column":24}},"1":{"start":{"line":2,"column":26},"end":{"line":2,"column":27}},"2":{"start":{"line":3,"column":28},"end":{"line":3,"column":29}},"3":{"start":{"line":5,"column":32},"end":{"line":26,"column":1}},"4":{"start":{"line":28,"column":33},"end":{"line":38,"column":1}}},"fnMap":{"0":{"name":"validateInput","decl":{"start":{"line":40,"column":16},"end":{"line":40,"column":29}},"loc":{"start":{"line":40,"column":43},"end":{"line":42,"column":1}},"line":40}},"branchMap":{},"s":{"0":11,"1":11,"2":11,"3":11,"4":11},"f":{"0":0},"b":{},"_coverageSchema":"43e27e138ebf9cfc5966b082cf9a028302ed4184","hash":"898579710da36b67996292e48d45976017f42e7c"}
,"/home/iivanovw7/WEB/work-book/client/src/utils/logger.js": {"path":"/home/iivanovw7/WEB/work-book/client/src/utils/logger.js","statementMap":{"0":{"start":{"line":6,"column":4},"end":{"line":8,"column":5}},"1":{"start":{"line":7,"column":6},"end":{"line":7,"column":29}},"2":{"start":{"line":11,"column":4},"end":{"line":11,"column":42}},"3":{"start":{"line":13,"column":4},"end":{"line":17,"column":5}},"4":{"start":{"line":14,"column":6},"end":{"line":16,"column":8}},"5":{"start":{"line":19,"column":4},"end":{"line":19,"column":27}},"6":{"start":{"line":30,"column":4},"end":{"line":36,"column":6}},"7":{"start":{"line":47,"column":30},"end":{"line":47,"column":34}},"8":{"start":{"line":49,"column":4},"end":{"line":51,"column":5}},"9":{"start":{"line":50,"column":6},"end":{"line":50,"column":18}},"10":{"start":{"line":53,"column":4},"end":{"line":68,"column":5}},"11":{"start":{"line":55,"column":6},"end":{"line":55,"column":72}},"12":{"start":{"line":57,"column":6},"end":{"line":57,"column":71}},"13":{"start":{"line":59,"column":6},"end":{"line":61,"column":15}},"14":{"start":{"line":63,"column":6},"end":{"line":65,"column":15}},"15":{"start":{"line":67,"column":6},"end":{"line":67,"column":18}},"16":{"start":{"line":72,"column":17},"end":{"line":72,"column":44}},"17":{"start":{"line":73,"column":0},"end":{"line":73,"column":24}}},"fnMap":{"0":{"name":"(anonymous_0)","decl":{"start":{"line":5,"column":2},"end":{"line":5,"column":3}},"loc":{"start":{"line":5,"column":23},"end":{"line":20,"column":3}},"line":5},"1":{"name":"(anonymous_1)","decl":{"start":{"line":29,"column":2},"end":{"line":29,"column":3}},"loc":{"start":{"line":29,"column":43},"end":{"line":37,"column":3}},"line":29},"2":{"name":"(anonymous_2)","decl":{"start":{"line":46,"column":2},"end":{"line":46,"column":3}},"loc":{"start":{"line":46,"column":13},"end":{"line":69,"column":3}},"line":46}},"branchMap":{"0":{"loc":{"start":{"line":6,"column":4},"end":{"line":8,"column":5}},"type":"if","locations":[{"start":{"line":6,"column":4},"end":{"line":8,"column":5}},{"start":{"line":6,"column":4},"end":{"line":8,"column":5}}],"line":6},"1":{"loc":{"start":{"line":11,"column":16},"end":{"line":11,"column":41}},"type":"binary-expr","locations":[{"start":{"line":11,"column":16},"end":{"line":11,"column":32}},{"start":{"line":11,"column":36},"end":{"line":11,"column":41}}],"line":11},"2":{"loc":{"start":{"line":13,"column":4},"end":{"line":17,"column":5}},"type":"if","locations":[{"start":{"line":13,"column":4},"end":{"line":17,"column":5}},{"start":{"line":13,"column":4},"end":{"line":17,"column":5}}],"line":13},"3":{"loc":{"start":{"line":49,"column":4},"end":{"line":51,"column":5}},"type":"if","locations":[{"start":{"line":49,"column":4},"end":{"line":51,"column":5}},{"start":{"line":49,"column":4},"end":{"line":51,"column":5}}],"line":49},"4":{"loc":{"start":{"line":53,"column":4},"end":{"line":68,"column":5}},"type":"switch","locations":[{"start":{"line":54,"column":4},"end":{"line":55,"column":72}},{"start":{"line":56,"column":4},"end":{"line":57,"column":71}},{"start":{"line":58,"column":4},"end":{"line":61,"column":15}},{"start":{"line":62,"column":4},"end":{"line":65,"column":15}},{"start":{"line":66,"column":4},"end":{"line":67,"column":18}}],"line":53},"5":{"loc":{"start":{"line":59,"column":13},"end":{"line":61,"column":14}},"type":"cond-expr","locations":[{"start":{"line":60,"column":10},"end":{"line":60,"column":69}},{"start":{"line":61,"column":10},"end":{"line":61,"column":14}}],"line":59},"6":{"loc":{"start":{"line":63,"column":13},"end":{"line":65,"column":14}},"type":"cond-expr","locations":[{"start":{"line":64,"column":10},"end":{"line":64,"column":64}},{"start":{"line":65,"column":10},"end":{"line":65,"column":14}}],"line":63}},"s":{"0":16,"1":16,"2":16,"3":16,"4":0,"5":16,"6":0,"7":9,"8":9,"9":9,"10":0,"11":0,"12":0,"13":0,"14":0,"15":0,"16":16,"17":16},"f":{"0":16,"1":0,"2":9},"b":{"0":[16,0],"1":[16,0],"2":[0,16],"3":[9,0],"4":[0,0,0,0,0],"5":[0,0],"6":[0,0]},"_coverageSchema":"43e27e138ebf9cfc5966b082cf9a028302ed4184","hash":"0e4f57cd302b599973c7cc95fc12ba7cc8933d53"}
,"/home/iivanovw7/WEB/work-book/client/src/utils/math.js": {"path":"/home/iivanovw7/WEB/work-book/client/src/utils/math.js","statementMap":{"0":{"start":{"line":2,"column":2},"end":{"line":2,"column":23}},"1":{"start":{"line":3,"column":2},"end":{"line":3,"column":24}},"2":{"start":{"line":4,"column":2},"end":{"line":4,"column":59}}},"fnMap":{"0":{"name":"getRandomInt","decl":{"start":{"line":1,"column":16},"end":{"line":1,"column":28}},"loc":{"start":{"line":1,"column":39},"end":{"line":5,"column":1}},"line":1}},"branchMap":{},"s":{"0":0,"1":0,"2":0},"f":{"0":0},"b":{},"_coverageSchema":"43e27e138ebf9cfc5966b082cf9a028302ed4184","hash":"48f6291c7a9bc208e956b99930abfa993bf7d8e1"}
,"/home/iivanovw7/WEB/work-book/client/src/utils/postHelpers.jsx": {"path":"/home/iivanovw7/WEB/work-book/client/src/utils/postHelpers.jsx","statementMap":{"0":{"start":{"line":8,"column":30},"end":{"line":28,"column":1}},"1":{"start":{"line":11,"column":6},"end":{"line":11,"column":11}},"2":{"start":{"line":12,"column":19},"end":{"line":12,"column":50}},"3":{"start":{"line":14,"column":2},"end":{"line":27,"column":3}},"4":{"start":{"line":17,"column":4},"end":{"line":17,"column":79}},"5":{"start":{"line":20,"column":4},"end":{"line":22,"column":6}},"6":{"start":{"line":26,"column":4},"end":{"line":26,"column":92}},"7":{"start":{"line":32,"column":0},"end":{"line":37,"column":2}}},"fnMap":{"0":{"name":"(anonymous_0)","decl":{"start":{"line":8,"column":30},"end":{"line":8,"column":31}},"loc":{"start":{"line":8,"column":41},"end":{"line":28,"column":1}},"line":8}},"branchMap":{"0":{"loc":{"start":{"line":14,"column":2},"end":{"line":27,"column":3}},"type":"switch","locations":[{"start":{"line":16,"column":2},"end":{"line":17,"column":79}},{"start":{"line":19,"column":2},"end":{"line":22,"column":6}},{"start":{"line":25,"column":2},"end":{"line":26,"column":92}}],"line":14}},"s":{"0":2,"1":4,"2":4,"3":4,"4":1,"5":1,"6":2,"7":2},"f":{"0":4},"b":{"0":[1,1,2]},"_coverageSchema":"43e27e138ebf9cfc5966b082cf9a028302ed4184","hash":"85060966979cd721a06522f6b5689fb4d02a6578"}
,"/home/iivanovw7/WEB/work-book/client/src/utils/sanitizeText.js": {"path":"/home/iivanovw7/WEB/work-book/client/src/utils/sanitizeText.js","statementMap":{"0":{"start":{"line":4,"column":2},"end":{"line":14,"column":4}}},"fnMap":{"0":{"name":"sanitize","decl":{"start":{"line":3,"column":16},"end":{"line":3,"column":24}},"loc":{"start":{"line":3,"column":31},"end":{"line":15,"column":1}},"line":3}},"branchMap":{},"s":{"0":1},"f":{"0":1},"b":{},"_coverageSchema":"43e27e138ebf9cfc5966b082cf9a028302ed4184","hash":"a73557158fcd1b1b4f858b63a20b2816f8d63c40"}
}
