TN:
SF:/home/iivanovw7/WEB/work-book/client/src/pageRoute.jsx
FN:12,(anonymous_0)
FN:17,(anonymous_1)
FN:19,(anonymous_2)
FN:20,(anonymous_3)
FN:32,(anonymous_4)
FNF:5
FNH:3
FNDA:1,(anonymous_0)
FNDA:1,(anonymous_1)
FNDA:0,(anonymous_2)
FNDA:0,(anonymous_3)
FNDA:1,(anonymous_4)
DA:12,1
DA:13,1
DA:14,1
DA:17,1
DA:18,1
DA:19,0
DA:20,0
DA:21,0
DA:29,1
DA:33,1
DA:34,1
DA:42,0
DA:50,1
LF:13
LH:9
BRDA:18,0,0,0
BRDA:18,0,1,1
BRDA:33,1,0,1
BRDA:33,1,1,0
BRDA:33,2,0,1
BRDA:33,2,1,0
BRDA:33,2,2,1
BRF:7
BRH:4
end_of_record
TN:
SF:/home/iivanovw7/WEB/work-book/client/src/routes.jsx
FN:12,(anonymous_0)
FNF:1
FNH:1
FNDA:1,(anonymous_0)
DA:12,1
DA:13,1
DA:30,1
LF:3
LH:3
BRF:0
BRH:0
end_of_record
TN:
SF:/home/iivanovw7/WEB/work-book/client/src/testUtils.js
FN:30,suppressConsoleWarnings
FNF:1
FNH:1
FNDA:56,suppressConsoleWarnings
DA:9,26
DA:12,26
DA:19,26
DA:31,56
DA:32,56
DA:34,56
DA:36,56
DA:38,56
DA:40,56
DA:42,56
DA:44,56
DA:47,26
LF:12
LH:12
BRDA:38,0,0,55
BRDA:38,0,1,1
BRF:2
BRH:2
end_of_record
TN:
SF:/home/iivanovw7/WEB/work-book/client/src/components/errorMessage.jsx
FN:5,(anonymous_0)
FNF:1
FNH:1
FNDA:26,(anonymous_0)
DA:5,10
DA:8,26
DA:10,26
DA:24,10
LF:4
LH:4
BRF:0
BRH:0
end_of_record
TN:
SF:/home/iivanovw7/WEB/work-book/client/src/components/noMatchRoute.jsx
FN:20,(anonymous_0)
FNF:1
FNH:1
FNDA:4,(anonymous_0)
DA:7,2
DA:20,2
DA:21,4
DA:22,4
DA:24,4
DA:42,2
LF:6
LH:6
BRF:0
BRH:0
end_of_record
TN:
SF:/home/iivanovw7/WEB/work-book/client/src/components/Login/LoginForm.jsx
FN:67,(anonymous_0)
FN:79,(anonymous_1)
FN:81,(anonymous_2)
FN:83,(anonymous_3)
FN:87,validateInput
FN:112,(anonymous_5)
FN:172,(anonymous_6)
FNF:7
FNH:0
FNDA:0,(anonymous_0)
FNDA:0,(anonymous_1)
FNDA:0,(anonymous_2)
FNDA:0,(anonymous_3)
FNDA:0,validateInput
FNDA:0,(anonymous_5)
FNDA:0,(anonymous_6)
DA:11,1
DA:15,1
DA:21,1
DA:67,1
DA:70,0
DA:71,0
DA:72,0
DA:73,0
DA:74,0
DA:75,0
DA:76,0
DA:79,0
DA:80,0
DA:81,0
DA:82,0
DA:83,0
DA:88,0
DA:93,0
DA:94,0
DA:95,0
DA:97,0
DA:99,0
DA:100,0
DA:102,0
DA:105,0
DA:106,0
DA:109,0
DA:112,0
DA:113,0
DA:114,0
DA:115,0
DA:116,0
DA:117,0
DA:118,0
DA:119,0
DA:120,0
DA:121,0
DA:122,0
DA:128,0
DA:129,0
DA:132,0
DA:173,0
DA:186,1
LF:43
LH:5
BRDA:80,0,0,0
BRDA:80,0,1,0
BRDA:93,1,0,0
BRDA:93,1,1,0
BRDA:94,2,0,0
BRDA:94,2,1,0
BRDA:99,3,0,0
BRDA:99,3,1,0
BRDA:115,4,0,0
BRDA:115,4,1,0
BRDA:119,5,0,0
BRDA:119,5,1,0
BRDA:121,6,0,0
BRDA:121,6,1,0
BRDA:128,7,0,0
BRDA:128,7,1,0
BRDA:153,8,0,0
BRDA:153,8,1,0
BRF:18
BRH:0
end_of_record
TN:
SF:/home/iivanovw7/WEB/work-book/client/src/components/Navigation/MobileNavbar.jsx
FN:28,(anonymous_0)
FN:47,(anonymous_1)
FN:65,(anonymous_2)
FN:78,(anonymous_3)
FNF:4
FNH:0
FNDA:0,(anonymous_0)
FNDA:0,(anonymous_1)
FNDA:0,(anonymous_2)
FNDA:0,(anonymous_3)
DA:14,1
DA:28,1
DA:31,0
DA:32,0
DA:35,0
DA:44,0
DA:48,0
DA:66,0
DA:67,0
DA:68,0
DA:79,0
DA:80,0
DA:89,1
DA:93,1
DA:97,1
LF:15
LH:5
BRDA:48,0,0,0
BRDA:48,0,1,0
BRDA:52,1,0,0
BRDA:52,1,1,0
BRDA:59,2,0,0
BRDA:59,2,1,0
BRF:6
BRH:0
end_of_record
TN:
SF:/home/iivanovw7/WEB/work-book/client/src/components/Navigation/SideBar.jsx
FN:41,(anonymous_0)
FN:45,(anonymous_1)
FN:66,(anonymous_2)
FN:82,(anonymous_3)
FN:94,(anonymous_4)
FNF:5
FNH:0
FNDA:0,(anonymous_0)
FNDA:0,(anonymous_1)
FNDA:0,(anonymous_2)
FNDA:0,(anonymous_3)
FNDA:0,(anonymous_4)
DA:17,1
DA:31,1
DA:41,0
DA:45,1
DA:48,0
DA:49,0
DA:50,0
DA:53,0
DA:62,0
DA:67,0
DA:83,0
DA:84,0
DA:85,0
DA:95,0
DA:115,1
DA:119,1
DA:123,1
LF:17
LH:6
BRDA:41,0,0,0
BRDA:41,0,1,0
BRDA:41,1,0,0
BRDA:41,1,1,0
BRDA:67,2,0,0
BRDA:67,2,1,0
BRDA:70,3,0,0
BRDA:70,3,1,0
BRDA:77,4,0,0
BRDA:77,4,1,0
BRF:10
BRH:0
end_of_record
TN:
SF:/home/iivanovw7/WEB/work-book/client/src/components/Navigation/TopBar.jsx
FN:28,(anonymous_0)
FN:40,(anonymous_1)
FNF:2
FNH:0
FNDA:0,(anonymous_0)
FNDA:0,(anonymous_1)
DA:13,1
DA:28,1
DA:29,0
DA:30,0
DA:32,0
DA:41,0
DA:48,1
LF:7
LH:3
BRDA:35,0,0,0
BRDA:35,0,1,0
BRF:2
BRH:0
end_of_record
TN:
SF:/home/iivanovw7/WEB/work-book/client/src/components/Post/PostForm.jsx
FN:41,(anonymous_0)
FN:51,resetForm
FN:68,(anonymous_2)
FN:116,(anonymous_3)
FNF:4
FNH:1
FNDA:4,(anonymous_0)
FNDA:0,resetForm
FNDA:0,(anonymous_2)
FNDA:0,(anonymous_3)
DA:13,3
DA:26,3
DA:41,3
DA:44,4
DA:45,4
DA:46,4
DA:47,4
DA:48,4
DA:49,4
DA:52,0
DA:53,0
DA:54,0
DA:55,0
DA:58,4
DA:68,4
DA:69,0
DA:70,0
DA:71,0
DA:72,0
DA:75,4
DA:117,0
DA:133,3
LF:22
LH:13
BRDA:45,0,0,2
BRDA:45,0,1,2
BRDA:46,1,0,4
BRDA:46,1,1,2
BRDA:47,2,0,4
BRDA:47,2,1,2
BRDA:48,3,0,4
BRDA:48,3,1,2
BRDA:49,4,0,4
BRDA:49,4,1,2
BRDA:60,5,0,4
BRDA:60,5,1,0
BRDA:64,6,0,4
BRDA:64,6,1,0
BRDA:70,7,0,0
BRDA:70,7,1,0
BRF:16
BRH:12
end_of_record
TN:
SF:/home/iivanovw7/WEB/work-book/client/src/components/Post/PostStyleGuide.jsx
FN:14,(anonymous_0)
FN:37,(anonymous_1)
FNF:2
FNH:2
FNDA:4,(anonymous_0)
FNDA:16,(anonymous_1)
DA:8,3
DA:14,3
DA:15,4
DA:16,4
DA:35,4
DA:38,16
DA:52,3
LF:7
LH:7
BRF:0
BRH:0
end_of_record
TN:
SF:/home/iivanovw7/WEB/work-book/client/src/components/Post/PostView.jsx
FN:63,(anonymous_0)
FN:77,(anonymous_1)
FN:78,(anonymous_2)
FN:80,(anonymous_3)
FN:83,handleClick
FN:93,(anonymous_5)
FN:109,(anonymous_6)
FN:136,(anonymous_7)
FN:147,(anonymous_8)
FNF:9
FNH:1
FNDA:1,(anonymous_0)
FNDA:0,(anonymous_1)
FNDA:0,(anonymous_2)
FNDA:0,(anonymous_3)
FNDA:0,handleClick
FNDA:0,(anonymous_5)
FNDA:0,(anonymous_6)
FNDA:0,(anonymous_7)
FNDA:0,(anonymous_8)
DA:16,2
DA:28,2
DA:38,2
DA:42,2
DA:59,2
DA:63,2
DA:66,1
DA:67,1
DA:68,1
DA:69,1
DA:70,1
DA:71,1
DA:77,1
DA:78,0
DA:79,0
DA:80,0
DA:84,0
DA:87,1
DA:88,0
DA:94,0
DA:100,1
DA:110,0
DA:111,0
DA:137,0
DA:148,0
DA:164,2
LF:26
LH:16
BRDA:87,0,0,0
BRDA:87,0,1,1
BRDA:141,1,0,1
BRDA:141,1,1,0
BRDA:152,2,0,1
BRDA:152,2,1,0
BRF:6
BRH:3
end_of_record
TN:
SF:/home/iivanovw7/WEB/work-book/client/src/components/Posts/List.jsx
FN:18,(anonymous_0)
FN:22,(anonymous_1)
FN:27,(anonymous_2)
FN:36,setListSize
FN:43,(anonymous_4)
FN:53,(anonymous_5)
FN:57,handleClick
FN:61,(anonymous_7)
FN:65,(anonymous_8)
FNF:9
FNH:6
FNDA:2,(anonymous_0)
FNDA:2,(anonymous_1)
FNDA:2,(anonymous_2)
FNDA:1,setListSize
FNDA:0,(anonymous_4)
FNDA:1,(anonymous_5)
FNDA:0,handleClick
FNDA:0,(anonymous_7)
FNDA:2,(anonymous_8)
DA:11,1
DA:13,1
DA:18,2
DA:22,2
DA:27,1
DA:30,2
DA:31,2
DA:32,2
DA:33,2
DA:34,2
DA:37,1
DA:38,1
DA:39,1
DA:43,2
DA:44,0
DA:45,0
DA:46,0
DA:48,0
DA:49,0
DA:53,2
DA:54,1
DA:58,0
DA:61,2
DA:63,2
DA:66,2
DA:67,2
DA:69,2
DA:87,1
LF:28
LH:22
BRDA:18,0,0,2
BRDA:18,0,1,0
BRDA:22,1,0,2
BRDA:22,1,1,0
BRDA:37,2,0,1
BRDA:37,2,1,0
BRDA:48,3,0,0
BRDA:48,3,1,0
BRDA:80,4,0,2
BRDA:80,4,1,0
BRF:10
BRH:4
end_of_record
TN:
SF:/home/iivanovw7/WEB/work-book/client/src/components/Posts/ListElement/Container.jsx
FN:59,(anonymous_0)
FN:63,(anonymous_1)
FNF:2
FNH:2
FNDA:4,(anonymous_0)
FNDA:2,(anonymous_1)
DA:11,1
DA:56,1
DA:59,4
DA:63,1
DA:64,2
DA:78,1
LF:6
LH:6
BRF:0
BRH:0
end_of_record
TN:
SF:/home/iivanovw7/WEB/work-book/client/src/components/Posts/ListElement/Description.jsx
FN:8,(anonymous_0)
FN:22,(anonymous_1)
FNF:2
FNH:1
FNDA:2,(anonymous_0)
FNDA:0,(anonymous_1)
DA:8,1
DA:11,2
DA:12,2
DA:14,2
DA:23,0
DA:24,0
DA:50,1
LF:7
LH:5
BRF:0
BRH:0
end_of_record
TN:
SF:/home/iivanovw7/WEB/work-book/client/src/components/Posts/ListElement/Details.jsx
FN:15,(anonymous_0)
FN:47,(anonymous_1)
FNF:2
FNH:1
FNDA:2,(anonymous_0)
FNDA:0,(anonymous_1)
DA:10,1
DA:15,1
DA:18,2
DA:19,2
DA:20,2
DA:26,2
DA:48,0
DA:49,0
DA:56,1
LF:9
LH:7
BRF:0
BRH:0
end_of_record
TN:
SF:/home/iivanovw7/WEB/work-book/client/src/components/Search/ButtonGroup.jsx
FN:24,(anonymous_0)
FN:46,(anonymous_1)
FN:58,(anonymous_2)
FNF:3
FNH:1
FNDA:4,(anonymous_0)
FNDA:0,(anonymous_1)
FNDA:0,(anonymous_2)
DA:11,4
DA:24,4
DA:27,4
DA:28,4
DA:29,4
DA:35,4
DA:47,0
DA:48,0
DA:59,0
DA:60,0
DA:67,4
LF:11
LH:7
BRF:0
BRH:0
end_of_record
TN:
SF:/home/iivanovw7/WEB/work-book/client/src/components/Search/DescriptionGroup.jsx
FN:15,(anonymous_0)
FN:37,(anonymous_1)
FNF:2
FNH:1
FNDA:4,(anonymous_0)
FNDA:0,(anonymous_1)
DA:9,4
DA:15,4
DA:18,4
DA:20,4
DA:21,4
DA:23,4
DA:38,0
DA:39,0
DA:49,4
LF:9
LH:7
BRF:0
BRH:0
end_of_record
TN:
SF:/home/iivanovw7/WEB/work-book/client/src/components/Search/SearchBar.jsx
FN:14,(anonymous_0)
FN:23,validateInput
FN:41,(anonymous_2)
FN:58,(anonymous_3)
FNF:4
FNH:0
FNDA:0,(anonymous_0)
FNDA:0,validateInput
FNDA:0,(anonymous_2)
FNDA:0,(anonymous_3)
DA:10,1
DA:14,1
DA:17,0
DA:18,0
DA:19,0
DA:20,0
DA:21,0
DA:24,0
DA:28,0
DA:29,0
DA:30,0
DA:32,0
DA:35,0
DA:38,0
DA:41,0
DA:42,0
DA:43,0
DA:44,0
DA:49,0
DA:58,0
DA:64,1
LF:21
LH:3
BRDA:28,0,0,0
BRDA:28,0,1,0
BRDA:29,1,0,0
BRDA:29,1,1,0
BRDA:42,2,0,0
BRDA:42,2,1,0
BRDA:42,3,0,0
BRDA:42,3,1,0
BRF:8
BRH:0
end_of_record
TN:
SF:/home/iivanovw7/WEB/work-book/client/src/components/Search/SearchList.jsx
FN:50,(anonymous_0)
FN:56,handlePostClick
FN:60,handleTagClick
FN:73,(anonymous_3)
FN:82,(anonymous_4)
FNF:5
FNH:2
FNDA:4,(anonymous_0)
FNDA:0,handlePostClick
FNDA:0,handleTagClick
FNDA:4,(anonymous_3)
FNDA:0,(anonymous_4)
DA:13,4
DA:50,4
DA:53,4
DA:54,4
DA:57,0
DA:61,0
DA:62,0
DA:65,4
DA:66,0
DA:73,4
DA:74,4
DA:83,0
DA:84,0
DA:114,4
LF:14
LH:8
BRDA:65,0,0,0
BRDA:65,0,1,4
BRF:2
BRH:1
end_of_record
TN:
SF:/home/iivanovw7/WEB/work-book/client/src/components/Tags/TagsCloud.jsx
FN:11,(anonymous_0)
FN:19,(anonymous_1)
FN:22,handleClick
FN:35,(anonymous_3)
FNF:4
FNH:2
FNDA:6,(anonymous_0)
FNDA:8,(anonymous_1)
FNDA:0,handleClick
FNDA:0,(anonymous_3)
DA:11,4
DA:14,6
DA:16,6
DA:17,6
DA:19,6
DA:20,8
DA:23,0
DA:24,0
DA:27,8
DA:36,0
DA:37,0
DA:44,4
DA:50,4
LF:13
LH:9
BRDA:17,0,0,5
BRDA:17,0,1,1
BRF:2
BRH:2
end_of_record
TN:
SF:/home/iivanovw7/WEB/work-book/client/src/components/UI/Button.jsx
FN:21,(anonymous_0)
FN:41,(anonymous_1)
FNF:2
FNH:2
FNDA:10,(anonymous_0)
FNDA:10,(anonymous_1)
DA:8,6
DA:21,10
DA:41,6
DA:44,10
DA:46,10
DA:60,6
DA:64,6
DA:68,6
LF:8
LH:8
BRDA:21,0,0,8
BRDA:21,0,1,2
BRF:2
BRH:2
end_of_record
TN:
SF:/home/iivanovw7/WEB/work-book/client/src/components/UI/ButtonTextIcon.jsx
FN:12,(anonymous_0)
FN:14,(anonymous_1)
FN:15,(anonymous_2)
FN:23,(anonymous_3)
FN:53,(anonymous_4)
FNF:5
FNH:5
FNDA:4,(anonymous_0)
FNDA:4,(anonymous_1)
FNDA:4,(anonymous_2)
FNDA:4,(anonymous_3)
FNDA:4,(anonymous_4)
DA:8,2
DA:12,4
DA:14,4
DA:15,4
DA:23,4
DA:53,2
DA:56,4
DA:58,4
DA:80,2
DA:84,2
DA:88,2
LF:11
LH:11
BRF:0
BRH:0
end_of_record
TN:
SF:/home/iivanovw7/WEB/work-book/client/src/components/UI/Input.jsx
FN:26,(anonymous_0)
FN:37,(anonymous_1)
FNF:2
FNH:1
FNDA:14,(anonymous_0)
FNDA:0,(anonymous_1)
DA:7,4
DA:16,4
DA:21,4
DA:26,4
DA:27,14
DA:30,14
DA:32,14
DA:38,0
DA:58,4
LF:9
LH:8
BRF:0
BRH:0
end_of_record
TN:
SF:/home/iivanovw7/WEB/work-book/client/src/components/UI/LIstElement.jsx
FN:10,(anonymous_0)
FN:24,(anonymous_1)
FNF:2
FNH:2
FNDA:18,(anonymous_0)
FNDA:18,(anonymous_1)
DA:8,4
DA:10,18
DA:24,4
DA:27,18
DA:29,18
DA:44,4
DA:48,4
DA:52,4
LF:8
LH:8
BRF:0
BRH:0
end_of_record
TN:
SF:/home/iivanovw7/WEB/work-book/client/src/components/UI/NavigationLink.jsx
FN:20,(anonymous_0)
FN:24,(anonymous_1)
FN:25,(anonymous_2)
FN:30,(anonymous_3)
FN:73,(anonymous_4)
FNF:5
FNH:5
FNDA:4,(anonymous_0)
FNDA:4,(anonymous_1)
FNDA:4,(anonymous_2)
FNDA:4,(anonymous_3)
FNDA:4,(anonymous_4)
DA:11,2
DA:12,2
DA:20,4
DA:24,4
DA:25,4
DA:30,4
DA:73,2
DA:76,4
DA:78,4
DA:101,2
DA:105,2
DA:109,2
LF:12
LH:12
BRF:0
BRH:0
end_of_record
TN:
SF:/home/iivanovw7/WEB/work-book/client/src/components/UI/Number.jsx
FN:26,(anonymous_0)
FNF:1
FNH:1
FNDA:9,(anonymous_0)
DA:7,6
DA:14,6
DA:26,6
DA:29,9
DA:31,9
DA:44,6
DA:48,6
DA:52,6
LF:8
LH:8
BRF:0
BRH:0
end_of_record
TN:
SF:/home/iivanovw7/WEB/work-book/client/src/components/UI/Spinner.jsx
FN:17,(anonymous_0)
FN:18,(anonymous_1)
FN:33,(anonymous_2)
FNF:3
FNH:3
FNDA:43,(anonymous_0)
FNDA:43,(anonymous_1)
FNDA:43,(anonymous_2)
DA:8,11
DA:17,43
DA:18,43
DA:22,11
DA:33,11
DA:34,43
DA:36,43
DA:47,11
DA:51,11
DA:57,11
LF:10
LH:10
BRF:0
BRH:0
end_of_record
TN:
SF:/home/iivanovw7/WEB/work-book/client/src/components/UI/SvgButton.jsx
FN:38,(anonymous_0)
FNF:1
FNH:1
FNDA:4,(anonymous_0)
DA:8,2
DA:38,2
DA:41,4
DA:43,4
DA:52,2
DA:56,2
DA:60,2
LF:7
LH:7
BRF:0
BRH:0
end_of_record
TN:
SF:/home/iivanovw7/WEB/work-book/client/src/components/UI/Switch.jsx
FN:72,(anonymous_0)
FN:75,(anonymous_1)
FN:79,(anonymous_2)
FN:85,(anonymous_3)
FNF:4
FNH:4
FNDA:3,(anonymous_0)
FNDA:3,(anonymous_1)
FNDA:3,(anonymous_2)
FNDA:3,(anonymous_3)
DA:11,2
DA:24,2
DA:33,2
DA:70,2
DA:72,3
DA:75,3
DA:79,3
DA:85,2
DA:88,3
DA:90,3
DA:106,2
LF:11
LH:11
BRDA:72,0,0,3
BRDA:72,0,1,0
BRDA:75,1,0,3
BRDA:75,1,1,0
BRDA:98,2,0,3
BRDA:98,2,1,0
BRF:6
BRH:3
end_of_record
TN:
SF:/home/iivanovw7/WEB/work-book/client/src/components/UI/TagButton.jsx
FN:23,(anonymous_0)
FN:24,(anonymous_1)
FN:25,(anonymous_2)
FN:46,(anonymous_3)
FNF:4
FNH:4
FNDA:11,(anonymous_0)
FNDA:11,(anonymous_1)
FNDA:11,(anonymous_2)
FNDA:11,(anonymous_3)
DA:7,5
DA:16,5
DA:23,11
DA:24,11
DA:25,11
DA:46,5
DA:49,11
DA:51,11
DA:69,5
LF:9
LH:9
BRDA:23,0,0,4
BRDA:23,0,1,7
BRF:2
BRH:2
end_of_record
TN:
SF:/home/iivanovw7/WEB/work-book/client/src/components/UI/TextArea.jsx
FN:26,(anonymous_0)
FN:37,(anonymous_1)
FNF:2
FNH:1
FNDA:6,(anonymous_0)
FNDA:0,(anonymous_1)
DA:7,4
DA:17,4
DA:21,4
DA:26,4
DA:27,6
DA:30,6
DA:32,6
DA:38,0
DA:49,4
LF:9
LH:8
BRF:0
BRH:0
end_of_record
TN:
SF:/home/iivanovw7/WEB/work-book/client/src/components/UI/TextLink.jsx
FN:25,(anonymous_0)
FNF:1
FNH:1
FNDA:11,(anonymous_0)
DA:7,7
DA:25,7
DA:28,11
DA:30,11
DA:39,7
DA:43,7
DA:47,7
LF:7
LH:7
BRF:0
BRH:0
end_of_record
TN:
SF:/home/iivanovw7/WEB/work-book/client/src/components/User/UserView.jsx
FN:36,(anonymous_0)
FN:48,handleClick
FN:72,(anonymous_2)
FNF:3
FNH:1
FNDA:4,(anonymous_0)
FNDA:0,handleClick
FNDA:0,(anonymous_2)
DA:13,3
DA:19,3
DA:25,3
DA:36,3
DA:39,4
DA:40,4
DA:41,4
DA:42,4
DA:49,0
DA:52,4
DA:73,0
DA:83,3
LF:12
LH:10
BRF:0
BRH:0
end_of_record
TN:
SF:/home/iivanovw7/WEB/work-book/client/src/components/User/UserViewElement.jsx
FN:4,(anonymous_0)
FNF:1
FNH:1
FNDA:27,(anonymous_0)
DA:4,4
DA:5,27
DA:7,27
DA:20,4
LF:4
LH:4
BRF:0
BRH:0
end_of_record
TN:
SF:/home/iivanovw7/WEB/work-book/client/src/config/apolloClient.js
FN:14,(anonymous_0)
FNF:1
FNH:0
FNDA:0,(anonymous_0)
DA:8,35
DA:15,0
DA:16,0
LF:3
LH:1
BRF:0
BRH:0
end_of_record
TN:
SF:/home/iivanovw7/WEB/work-book/client/src/config/colorSheme.js
FNF:0
FNH:0
DA:1,35
LF:1
LH:1
BRF:0
BRH:0
end_of_record
TN:
SF:/home/iivanovw7/WEB/work-book/client/src/config/gridConfig.js
FNF:0
FNH:0
DA:1,35
DA:26,35
LF:2
LH:2
BRF:0
BRH:0
end_of_record
TN:
SF:/home/iivanovw7/WEB/work-book/client/src/config/index.js
FNF:0
FNH:0
LF:0
LH:0
BRF:0
BRH:0
end_of_record
TN:
SF:/home/iivanovw7/WEB/work-book/client/src/config/readingSpeed.js
FNF:0
FNH:0
DA:1,35
LF:1
LH:1
BRF:0
BRH:0
end_of_record
TN:
SF:/home/iivanovw7/WEB/work-book/client/src/config/settings.js
FN:18,merge
FNF:1
FNH:1
FNDA:35,merge
DA:1,35
DA:18,35
DA:19,35
DA:21,35
DA:22,35
DA:24,35
DA:25,0
DA:28,35
LF:8
LH:7
BRDA:21,0,0,35
BRDA:21,0,1,0
BRDA:24,1,0,0
BRDA:24,1,1,35
BRF:4
BRH:2
end_of_record
TN:
SF:/home/iivanovw7/WEB/work-book/client/src/config/stylesConfig.js
FNF:0
FNH:0
DA:1,35
DA:6,35
LF:2
LH:2
BRF:0
BRH:0
end_of_record
TN:
SF:/home/iivanovw7/WEB/work-book/client/src/constants/index.js
FNF:0
FNH:0
LF:0
LH:0
BRF:0
BRH:0
end_of_record
TN:
SF:/home/iivanovw7/WEB/work-book/client/src/constants/keys.js
FNF:0
FNH:0
DA:2,19
DA:3,19
DA:4,19
DA:5,19
LF:4
LH:4
BRF:0
BRH:0
end_of_record
TN:
SF:/home/iivanovw7/WEB/work-book/client/src/constants/navigation.js
FNF:0
FNH:0
DA:2,19
LF:1
LH:1
BRF:0
BRH:0
end_of_record
TN:
SF:/home/iivanovw7/WEB/work-book/client/src/constants/units.js
FNF:0
FNH:0
DA:1,19
LF:1
LH:1
BRF:0
BRH:0
end_of_record
TN:
SF:/home/iivanovw7/WEB/work-book/client/src/graphql/CreatePost.jsx
FN:11,(anonymous_0)
FN:17,(anonymous_1)
FN:19,(anonymous_2)
FN:28,(anonymous_3)
FNF:4
FNH:2
FNDA:2,(anonymous_0)
FNDA:0,(anonymous_1)
FNDA:2,(anonymous_2)
FNDA:0,(anonymous_3)
DA:11,2
DA:12,2
DA:14,2
DA:17,0
DA:20,2
DA:29,0
DA:41,2
LF:7
LH:5
BRDA:22,0,0,2
BRDA:22,0,1,0
BRDA:23,1,0,2
BRDA:23,1,1,0
BRF:4
BRH:2
end_of_record
TN:
SF:/home/iivanovw7/WEB/work-book/client/src/graphql/DeletePost.jsx
FN:16,(anonymous_0)
FN:24,(anonymous_1)
FN:26,(anonymous_2)
FN:33,(anonymous_3)
FNF:4
FNH:2
FNDA:2,(anonymous_0)
FNDA:0,(anonymous_1)
FNDA:2,(anonymous_2)
FNDA:0,(anonymous_3)
DA:11,3
DA:16,3
DA:19,2
DA:21,2
DA:24,0
DA:27,2
DA:34,0
DA:39,0
DA:50,3
LF:9
LH:6
BRF:0
BRH:0
end_of_record
TN:
SF:/home/iivanovw7/WEB/work-book/client/src/graphql/QueryPost.jsx
FN:10,(anonymous_0)
FN:15,(anonymous_1)
FN:23,(anonymous_2)
FNF:3
FNH:2
FNDA:4,(anonymous_0)
FNDA:11,(anonymous_1)
FNDA:0,(anonymous_2)
DA:10,2
DA:11,4
DA:13,4
DA:16,11
DA:17,7
DA:18,6
DA:24,0
DA:29,1
DA:37,2
LF:9
LH:8
BRDA:16,0,0,4
BRDA:16,0,1,7
BRDA:17,1,0,6
BRDA:17,1,1,1
BRF:4
BRH:4
end_of_record
TN:
SF:/home/iivanovw7/WEB/work-book/client/src/graphql/QueryPosts.jsx
FN:10,(anonymous_0)
FN:16,(anonymous_1)
FN:25,triggerFetchMore
FN:28,(anonymous_3)
FN:56,(anonymous_4)
FN:73,(anonymous_5)
FNF:6
FNH:2
FNDA:4,(anonymous_0)
FNDA:12,(anonymous_1)
FNDA:0,triggerFetchMore
FNDA:0,(anonymous_3)
FNDA:0,(anonymous_4)
FNDA:0,(anonymous_5)
DA:10,1
DA:11,4
DA:12,4
DA:14,4
DA:26,0
DA:29,0
DA:31,0
DA:32,0
DA:33,0
DA:35,0
DA:46,12
DA:47,2
DA:48,2
DA:50,2
DA:57,0
DA:58,0
DA:66,10
DA:67,2
DA:68,2
DA:74,0
DA:84,1
DA:89,1
LF:22
LH:13
BRDA:28,0,0,0
BRDA:29,1,0,0
BRDA:29,1,1,0
BRDA:29,2,0,0
BRDA:29,2,1,0
BRDA:46,3,0,2
BRDA:46,3,1,10
BRDA:46,4,0,12
BRDA:46,4,1,10
BRDA:57,5,0,0
BRDA:57,5,1,0
BRDA:57,6,0,0
BRDA:57,6,1,0
BRDA:66,7,0,8
BRDA:66,7,1,2
BRDA:67,8,0,2
BRDA:67,8,1,0
BRF:17
BRH:7
end_of_record
TN:
SF:/home/iivanovw7/WEB/work-book/client/src/graphql/QueryTags.jsx
FN:9,(anonymous_0)
FN:14,(anonymous_1)
FNF:2
FNH:2
FNDA:4,(anonymous_0)
FNDA:11,(anonymous_1)
DA:9,2
DA:10,4
DA:12,4
DA:15,11
DA:16,7
DA:17,1
DA:25,2
LF:7
LH:7
BRDA:15,0,0,4
BRDA:15,0,1,7
BRDA:16,1,0,6
BRDA:16,1,1,1
BRF:4
BRH:4
end_of_record
TN:
SF:/home/iivanovw7/WEB/work-book/client/src/graphql/QueryUser.jsx
FN:10,(anonymous_0)
FN:15,(anonymous_1)
FN:23,(anonymous_2)
FNF:3
FNH:2
FNDA:4,(anonymous_0)
FNDA:10,(anonymous_1)
FNDA:0,(anonymous_2)
DA:10,2
DA:11,4
DA:13,4
DA:16,10
DA:17,6
DA:18,4
DA:24,0
DA:29,2
DA:37,2
LF:9
LH:8
BRDA:16,0,0,4
BRDA:16,0,1,6
BRDA:17,1,0,4
BRDA:17,1,1,2
BRF:4
BRH:4
end_of_record
TN:
SF:/home/iivanovw7/WEB/work-book/client/src/graphql/SearchByKeyword.jsx
FN:10,(anonymous_0)
FN:18,(anonymous_1)
FN:22,(anonymous_2)
FN:30,(anonymous_3)
FNF:4
FNH:2
FNDA:4,(anonymous_0)
FNDA:0,(anonymous_1)
FNDA:14,(anonymous_2)
FNDA:0,(anonymous_3)
DA:10,3
DA:11,4
DA:13,4
DA:18,0
DA:23,14
DA:24,6
DA:25,4
DA:31,0
DA:36,2
DA:44,3
LF:10
LH:8
BRDA:23,0,0,8
BRDA:23,0,1,6
BRDA:24,1,0,4
BRDA:24,1,1,2
BRF:4
BRH:4
end_of_record
TN:
SF:/home/iivanovw7/WEB/work-book/client/src/graphql/SearchByTag.jsx
FN:10,(anonymous_0)
FN:18,(anonymous_1)
FN:22,(anonymous_2)
FN:30,(anonymous_3)
FNF:4
FNH:2
FNDA:4,(anonymous_0)
FNDA:0,(anonymous_1)
FNDA:14,(anonymous_2)
FNDA:0,(anonymous_3)
DA:10,2
DA:11,4
DA:13,4
DA:18,0
DA:23,14
DA:24,6
DA:25,4
DA:31,0
DA:36,2
DA:44,2
LF:10
LH:8
BRDA:23,0,0,8
BRDA:23,0,1,6
BRDA:24,1,0,4
BRDA:24,1,1,2
BRF:4
BRH:4
end_of_record
TN:
SF:/home/iivanovw7/WEB/work-book/client/src/graphql/UpdatePost.jsx
FN:11,(anonymous_0)
FN:17,(anonymous_1)
FN:22,(anonymous_2)
FN:30,(anonymous_3)
FN:38,(anonymous_4)
FNF:5
FNH:3
FNDA:4,(anonymous_0)
FNDA:0,(anonymous_1)
FNDA:10,(anonymous_2)
FNDA:0,(anonymous_3)
FNDA:2,(anonymous_4)
DA:11,2
DA:12,4
DA:13,4
DA:17,0
DA:23,10
DA:24,6
DA:25,4
DA:31,0
DA:36,2
DA:39,2
DA:52,2
LF:11
LH:9
BRDA:23,0,0,4
BRDA:23,0,1,6
BRDA:24,1,0,4
BRDA:24,1,1,2
BRF:4
BRH:4
end_of_record
TN:
SF:/home/iivanovw7/WEB/work-book/client/src/graphql/mutations/index.js
FNF:0
FNH:0
LF:0
LH:0
BRF:0
BRH:0
end_of_record
TN:
SF:/home/iivanovw7/WEB/work-book/client/src/graphql/mutations/postsMutations.js
FNF:0
FNH:0
DA:3,13
DA:19,13
DA:30,13
LF:3
LH:3
BRF:0
BRH:0
end_of_record
TN:
SF:/home/iivanovw7/WEB/work-book/client/src/graphql/queries/index.js
FNF:0
FNH:0
LF:0
LH:0
BRF:0
BRH:0
end_of_record
TN:
SF:/home/iivanovw7/WEB/work-book/client/src/graphql/queries/postsQueries.js
FNF:0
FNH:0
DA:3,14
DA:22,14
DA:28,14
DA:42,14
DA:56,14
LF:5
LH:5
BRF:0
BRH:0
end_of_record
TN:
SF:/home/iivanovw7/WEB/work-book/client/src/graphql/queries/usersQueries.js
FNF:0
FNH:0
DA:3,14
LF:1
LH:1
BRF:0
BRH:0
end_of_record
TN:
SF:/home/iivanovw7/WEB/work-book/client/src/layouts/contentLayout.jsx
FN:9,(anonymous_0)
FN:13,(anonymous_1)
FN:17,(anonymous_2)
FN:22,(anonymous_3)
FNF:4
FNH:2
FNDA:3,(anonymous_0)
FNDA:3,(anonymous_1)
FNDA:0,(anonymous_2)
FNDA:0,(anonymous_3)
DA:9,2
DA:10,3
DA:11,3
DA:13,3
DA:15,3
DA:17,0
DA:18,0
DA:19,0
DA:21,0
DA:23,0
DA:31,3
DA:43,2
LF:12
LH:7
BRDA:15,0,0,0
BRDA:15,0,1,3
BRF:2
BRH:1
end_of_record
TN:
SF:/home/iivanovw7/WEB/work-book/client/src/screens/Login.jsx
FN:7,(anonymous_0)
FNF:1
FNH:1
FNDA:2,(anonymous_0)
DA:7,2
DA:8,2
DA:10,2
LF:3
LH:3
BRF:0
BRH:0
end_of_record
TN:
SF:/home/iivanovw7/WEB/work-book/client/src/screens/Post.jsx
FN:34,(anonymous_0)
FNF:1
FNH:1
FNDA:2,(anonymous_0)
DA:15,2
DA:22,2
DA:26,2
DA:30,2
DA:34,2
DA:35,2
DA:36,2
DA:38,2
DA:72,2
LF:9
LH:9
BRF:0
BRH:0
end_of_record
TN:
SF:/home/iivanovw7/WEB/work-book/client/src/screens/Posts.jsx
FN:34,(anonymous_0)
FNF:1
FNH:1
FNDA:2,(anonymous_0)
DA:15,1
DA:22,1
DA:26,1
DA:30,1
DA:34,1
DA:35,2
DA:36,2
DA:38,2
DA:67,1
LF:9
LH:9
BRF:0
BRH:0
end_of_record
TN:
SF:/home/iivanovw7/WEB/work-book/client/src/screens/Search.jsx
FN:35,(anonymous_0)
FNF:1
FNH:1
FNDA:2,(anonymous_0)
DA:16,2
DA:23,2
DA:27,2
DA:31,2
DA:35,2
DA:36,2
DA:39,2
DA:40,2
DA:42,2
DA:88,2
LF:10
LH:10
BRDA:60,0,0,2
BRDA:60,0,1,0
BRDA:69,1,0,2
BRDA:69,1,1,2
BRF:4
BRH:3
end_of_record
TN:
SF:/home/iivanovw7/WEB/work-book/client/src/screens/User.jsx
FN:32,(anonymous_0)
FNF:1
FNH:1
FNDA:2,(anonymous_0)
DA:15,2
DA:20,2
DA:24,2
DA:28,2
DA:32,2
DA:33,2
DA:34,2
DA:35,2
DA:37,2
DA:72,2
LF:10
LH:10
BRF:0
BRH:0
end_of_record
TN:
SF:/home/iivanovw7/WEB/work-book/client/src/store/locale.js
FN:5,(anonymous_0)
FN:6,(anonymous_1)
FN:7,(anonymous_2)
FNF:3
FNH:3
FNDA:1,(anonymous_0)
FNDA:1,(anonymous_1)
FNDA:2,(anonymous_2)
DA:6,1
DA:7,1
DA:8,2
DA:9,1
DA:10,1
DA:12,1
DA:13,1
LF:7
LH:7
BRDA:8,0,0,1
BRDA:8,0,1,1
BRF:2
BRH:2
end_of_record
TN:
SF:/home/iivanovw7/WEB/work-book/client/src/store/theme.js
FN:3,(anonymous_0)
FN:7,(anonymous_1)
FN:8,(anonymous_2)
FNF:3
FNH:3
FNDA:1,(anonymous_0)
FNDA:1,(anonymous_1)
FNDA:2,(anonymous_2)
DA:4,1
DA:5,1
DA:7,1
DA:8,1
DA:9,2
DA:10,1
DA:11,1
DA:13,1
DA:14,1
LF:9
LH:9
BRDA:5,0,0,0
BRDA:5,0,1,1
BRDA:9,1,0,1
BRDA:9,1,1,1
BRF:4
BRH:3
end_of_record
TN:
SF:/home/iivanovw7/WEB/work-book/client/src/styles/fades.js
FNF:0
FNH:0
DA:3,21
DA:14,21
LF:2
LH:2
BRF:0
BRH:0
end_of_record
TN:
SF:/home/iivanovw7/WEB/work-book/client/src/styles/global.js
FNF:0
FNH:0
DA:8,21
DA:9,21
DA:10,21
DA:16,21
LF:4
LH:4
BRF:0
BRH:0
end_of_record
TN:
SF:/home/iivanovw7/WEB/work-book/client/src/styles/index.js
FNF:0
FNH:0
LF:0
LH:0
BRF:0
BRH:0
end_of_record
TN:
SF:/home/iivanovw7/WEB/work-book/client/src/styles/layouts.js
FNF:0
FNH:0
DA:4,21
DA:24,21
DA:38,21
LF:3
LH:3
BRF:0
BRH:0
end_of_record
TN:
SF:/home/iivanovw7/WEB/work-book/client/src/styles/ripples.js
FNF:0
FNH:0
DA:3,21
LF:1
LH:1
BRF:0
BRH:0
end_of_record
TN:
SF:/home/iivanovw7/WEB/work-book/client/src/styles/spin.js
FNF:0
FNH:0
DA:3,21
DA:8,21
LF:2
LH:2
BRF:0
BRH:0
end_of_record
TN:
SF:/home/iivanovw7/WEB/work-book/client/src/theme/background.js
FNF:0
FNH:0
DA:5,27
DA:10,27
DA:15,27
DA:20,27
DA:25,27
DA:30,27
LF:6
LH:6
BRF:0
BRH:0
end_of_record
TN:
SF:/home/iivanovw7/WEB/work-book/client/src/theme/buttons.js
FNF:0
FNH:0
DA:5,27
DA:20,27
DA:36,27
DA:52,27
DA:67,27
DA:72,27
LF:6
LH:6
BRF:0
BRH:0
end_of_record
TN:
SF:/home/iivanovw7/WEB/work-book/client/src/theme/index.js
FNF:0
FNH:0
LF:0
LH:0
BRF:0
BRH:0
end_of_record
TN:
SF:/home/iivanovw7/WEB/work-book/client/src/theme/inputs.js
FNF:0
FNH:0
DA:6,27
LF:1
LH:1
BRF:0
BRH:0
end_of_record
TN:
SF:/home/iivanovw7/WEB/work-book/client/src/theme/typography.js
FNF:0
FNH:0
DA:5,27
DA:10,27
DA:15,27
DA:26,27
DA:31,27
DA:36,27
LF:6
LH:6
BRF:0
BRH:0
end_of_record
TN:
SF:/home/iivanovw7/WEB/work-book/client/src/utils/authHelpers.js
FN:10,ifTokenExists
FN:25,loginUser
FN:30,(anonymous_2)
FN:42,(anonymous_3)
FN:60,checkUser
FN:64,(anonymous_5)
FN:70,(anonymous_6)
FNF:7
FNH:7
FNDA:1,ifTokenExists
FNDA:1,loginUser
FNDA:1,(anonymous_2)
FNDA:1,(anonymous_3)
FNDA:1,checkUser
FNDA:1,(anonymous_5)
FNDA:1,(anonymous_6)
DA:8,12
DA:11,1
DA:26,1
DA:31,1
DA:32,0
DA:37,0
DA:43,1
DA:48,1
DA:61,1
DA:63,1
DA:65,1
DA:66,0
DA:68,1
DA:71,1
DA:75,1
LF:15
LH:12
BRDA:65,0,0,0
BRDA:65,0,1,1
BRF:2
BRH:1
end_of_record
TN:
SF:/home/iivanovw7/WEB/work-book/client/src/utils/codePrettify.js
FN:1,runCodePrettify
FNF:1
FNH:0
FNDA:0,runCodePrettify
DA:2,0
DA:3,0
DA:4,0
DA:6,0
DA:7,0
DA:9,0
DA:10,0
LF:7
LH:0
BRDA:10,0,0,0
BRDA:10,0,1,0
BRF:2
BRH:0
end_of_record
TN:
SF:/home/iivanovw7/WEB/work-book/client/src/utils/helpers.js
FN:9,(anonymous_0)
FN:12,(anonymous_1)
FN:15,(anonymous_2)
FN:16,(anonymous_3)
FN:16,(anonymous_4)
FN:19,(anonymous_5)
FN:19,(anonymous_6)
FN:25,(anonymous_7)
FN:25,(anonymous_8)
FN:28,ifFieldExistsInObject
FN:30,(anonymous_10)
FN:39,setLocale
FN:63,declOfNum
FN:81,fromEstimationEnding
FN:100,(anonymous_14)
FN:100,(anonymous_15)
FN:100,(anonymous_16)
FN:108,calculateReadingTime
FN:123,setNavLinkAccess
FN:127,setColorIndex
FN:138,convertUnixTimestamp
FN:156,(anonymous_21)
FN:157,(anonymous_22)
FN:158,(anonymous_23)
FN:159,(anonymous_24)
FN:172,(anonymous_25)
FN:173,(anonymous_26)
FNF:27
FNH:20
FNDA:5,(anonymous_0)
FNDA:1,(anonymous_1)
FNDA:0,(anonymous_2)
FNDA:0,(anonymous_3)
FNDA:0,(anonymous_4)
FNDA:1,(anonymous_5)
FNDA:4,(anonymous_6)
FNDA:11,(anonymous_7)
FNDA:24,(anonymous_8)
FNDA:10,ifFieldExistsInObject
FNDA:20,(anonymous_10)
FNDA:0,setLocale
FNDA:7,declOfNum
FNDA:12,fromEstimationEnding
FNDA:8,(anonymous_14)
FNDA:8,(anonymous_15)
FNDA:24,(anonymous_16)
FNDA:8,calculateReadingTime
FNDA:0,setNavLinkAccess
FNDA:16,setColorIndex
FNDA:15,convertUnixTimestamp
FNDA:8,(anonymous_21)
FNDA:8,(anonymous_22)
FNDA:8,(anonymous_23)
FNDA:8,(anonymous_24)
FNDA:0,(anonymous_25)
FNDA:0,(anonymous_26)
DA:9,12
DA:12,12
DA:15,12
DA:16,0
DA:19,12
DA:20,4
DA:21,4
DA:25,24
DA:29,10
DA:30,10
DA:31,20
DA:32,9
DA:35,10
DA:41,0
DA:44,0
DA:47,0
DA:50,0
DA:54,0
DA:64,7
DA:65,7
DA:68,7
DA:72,7
DA:82,12
DA:83,12
DA:84,10
DA:86,2
DA:100,24
DA:109,8
DA:111,8
DA:124,0
DA:128,16
DA:139,15
DA:140,7
DA:144,7
DA:147,8
DA:148,0
DA:152,0
DA:156,8
DA:157,8
DA:158,8
DA:159,8
DA:162,8
DA:172,12
DA:174,0
DA:179,0
LF:45
LH:34
BRDA:9,0,0,0
BRDA:31,1,0,9
BRDA:31,1,1,11
BRDA:41,2,0,0
BRDA:41,2,1,0
BRDA:41,2,2,0
BRDA:47,3,0,0
BRDA:47,3,1,0
BRDA:50,4,0,0
BRDA:50,4,1,0
BRDA:54,5,0,0
BRDA:54,5,1,0
BRDA:68,6,0,7
BRDA:68,6,1,0
BRDA:68,7,0,7
BRDA:68,7,1,0
BRDA:72,8,0,0
BRDA:72,8,1,7
BRDA:72,9,0,7
BRDA:72,9,1,3
BRDA:72,10,0,5
BRDA:72,10,1,2
BRDA:81,11,0,0
BRDA:81,12,0,0
BRDA:83,13,0,10
BRDA:83,13,1,2
BRDA:108,14,0,0
BRDA:108,15,0,0
BRDA:124,16,0,0
BRDA:124,16,1,0
BRDA:124,16,2,0
BRDA:128,17,0,12
BRDA:128,17,1,4
BRDA:138,18,0,0
BRDA:139,19,0,7
BRDA:139,19,1,8
BRDA:139,20,0,15
BRDA:139,20,1,9
BRDA:147,21,0,0
BRDA:147,21,1,8
BRDA:157,22,0,7
BRDA:157,22,1,1
BRF:42
BRH:20
end_of_record
TN:
SF:/home/iivanovw7/WEB/work-book/client/src/utils/hooks.jsx
FN:3,(anonymous_0)
FN:9,(anonymous_1)
FN:12,(anonymous_2)
FN:27,(anonymous_3)
FN:30,(anonymous_4)
FN:34,(anonymous_5)
FN:38,(anonymous_6)
FN:41,(anonymous_7)
FN:48,useDebounce
FN:53,(anonymous_9)
FN:55,(anonymous_10)
FN:63,(anonymous_11)
FNF:12
FNH:4
FNDA:16,(anonymous_0)
FNDA:0,(anonymous_1)
FNDA:0,(anonymous_2)
FNDA:2,(anonymous_3)
FNDA:1,(anonymous_4)
FNDA:1,(anonymous_5)
FNDA:0,(anonymous_6)
FNDA:0,(anonymous_7)
FNDA:0,useDebounce
FNDA:0,(anonymous_9)
FNDA:0,(anonymous_10)
FNDA:0,(anonymous_11)
DA:3,14
DA:4,16
DA:6,16
DA:9,0
DA:13,0
DA:27,14
DA:28,2
DA:30,2
DA:31,1
DA:34,2
DA:36,1
DA:38,1
DA:39,1
DA:41,1
DA:42,0
DA:50,0
DA:52,0
DA:55,0
DA:56,0
DA:63,0
DA:64,0
DA:72,0
LF:22
LH:12
BRDA:27,0,0,0
BRDA:36,1,0,0
BRDA:36,1,1,1
BRDA:36,2,0,1
BRDA:36,2,1,1
BRF:5
BRH:3
end_of_record
TN:
SF:/home/iivanovw7/WEB/work-book/client/src/utils/index.js
FNF:0
FNH:0
LF:0
LH:0
BRF:0
BRH:0
end_of_record
TN:
SF:/home/iivanovw7/WEB/work-book/client/src/utils/inputValidation.js
FN:40,validateInput
FNF:1
FNH:0
FNDA:0,validateInput
DA:1,11
DA:2,11
DA:3,11
DA:5,11
DA:28,11
LF:5
LH:5
BRF:0
BRH:0
end_of_record
TN:
SF:/home/iivanovw7/WEB/work-book/client/src/utils/logger.js
FN:5,(anonymous_0)
FN:29,(anonymous_1)
FN:46,(anonymous_2)
FNF:3
FNH:2
FNDA:16,(anonymous_0)
FNDA:0,(anonymous_1)
FNDA:9,(anonymous_2)
DA:6,16
DA:7,16
DA:11,16
DA:13,16
DA:14,0
DA:19,16
DA:30,0
DA:47,9
DA:49,9
DA:50,9
DA:53,0
DA:55,0
DA:57,0
DA:59,0
DA:63,0
DA:67,0
DA:72,16
DA:73,16
LF:18
LH:10
BRDA:6,0,0,16
BRDA:6,0,1,0
BRDA:11,1,0,16
BRDA:11,1,1,0
BRDA:13,2,0,0
BRDA:13,2,1,16
BRDA:49,3,0,9
BRDA:49,3,1,0
BRDA:53,4,0,0
BRDA:53,4,1,0
BRDA:53,4,2,0
BRDA:53,4,3,0
BRDA:53,4,4,0
BRDA:59,5,0,0
BRDA:59,5,1,0
BRDA:63,6,0,0
BRDA:63,6,1,0
BRF:17
BRH:4
end_of_record
TN:
SF:/home/iivanovw7/WEB/work-book/client/src/utils/math.js
FN:1,getRandomInt
FNF:1
FNH:0
FNDA:0,getRandomInt
DA:2,0
DA:3,0
DA:4,0
LF:3
LH:0
BRF:0
BRH:0
end_of_record
TN:
SF:/home/iivanovw7/WEB/work-book/client/src/utils/postHelpers.jsx
FN:8,(anonymous_0)
FNF:1
FNH:1
FNDA:4,(anonymous_0)
DA:8,2
DA:11,4
DA:12,4
DA:14,4
DA:17,1
DA:20,1
DA:26,2
DA:32,2
LF:8
LH:8
BRDA:14,0,0,1
BRDA:14,0,1,1
BRDA:14,0,2,2
BRF:3
BRH:3
end_of_record
TN:
SF:/home/iivanovw7/WEB/work-book/client/src/utils/sanitizeText.js
FN:3,sanitize
FNF:1
FNH:1
FNDA:1,sanitize
DA:4,1
LF:1
LH:1
BRF:0
BRH:0
end_of_record
